<!DOCTYPE html>

<html>
  <head>
  <meta charset='utf-8'>
  <title>TestNG reports</title>

    <link type="text/css" href="testng-reports1.css" rel="stylesheet" id="ultra" />
    <link type="text/css" href="testng-reports.css" rel="stylesheet" id="retro" disabled="false"/>
    <script type="text/javascript" src="jquery.min.js"></script>
    <script type="text/javascript" src="testng-reports.js"></script>
    <script type="text/javascript" src="https://www.google.com/jsapi"></script>
    <script type='text/javascript'>
      google.load('visualization', '1', {packages:['table']});
      google.setOnLoadCallback(drawTable);
      var suiteTableInitFunctions = new Array();
      var suiteTableData = new Array();
    </script>
    <!--
      <script type="text/javascript" src="jquery-ui/js/jquery-ui-1.8.16.custom.min.js"></script>
     -->
  </head>

  <body>
    <div class="top-banner-root">
      <span class="top-banner-title-font">Test results</span>
      <button id="button" class="button">Switch Retro Theme</button> <!-- button -->
      <br/>
      <span class="top-banner-font-1">1 suite, 16 failed tests</span>
    </div> <!-- top-banner-root -->
    <div class="navigator-root">
      <div class="navigator-suite-header">
        <span>All suites</span>
        <a href="#" title="Collapse/expand all the suites" class="collapse-all-link">
          <img src="collapseall.gif" class="collapse-all-icon">
          </img> <!-- collapse-all-icon -->
        </a> <!-- collapse-all-link -->
      </div> <!-- navigator-suite-header -->
      <div class="suite">
        <div class="rounded-window">
          <div class="suite-header light-rounded-window-top">
            <a href="#" panel-name="suite-EDM_Web_Automation" class="navigator-link">
              <span class="suite-name border-failed">EDM Web Automation</span>
            </a> <!-- navigator-link -->
          </div> <!-- suite-header light-rounded-window-top -->
          <div class="navigator-suite-content">
            <div class="suite-section-title">
              <span>Info</span>
            </div> <!-- suite-section-title -->
            <div class="suite-section-content">
              <ul>
                <li>
                  <a href="#" panel-name="test-xml-EDM_Web_Automation" class="navigator-link ">
                    <span>C:\Users\raghunandan.g\eclipse-workspace\EDM_Web_Automation\testng.xml</span>
                  </a> <!-- navigator-link  -->
                </li>
                <li>
                  <a href="#" panel-name="testlist-EDM_Web_Automation" class="navigator-link ">
                    <span class="test-stats">6 tests</span>
                  </a> <!-- navigator-link  -->
                </li>
                <li>
                  <a href="#" panel-name="group-EDM_Web_Automation" class="navigator-link ">
                    <span>0 groups</span>
                  </a> <!-- navigator-link  -->
                </li>
                <li>
                  <a href="#" panel-name="times-EDM_Web_Automation" class="navigator-link ">
                    <span>Times</span>
                  </a> <!-- navigator-link  -->
                </li>
                <li>
                  <a href="#" panel-name="reporter-EDM_Web_Automation" class="navigator-link ">
                    <span>Reporter output</span>
                  </a> <!-- navigator-link  -->
                </li>
                <li>
                  <a href="#" panel-name="ignored-methods-EDM_Web_Automation" class="navigator-link ">
                    <span>Ignored methods</span>
                  </a> <!-- navigator-link  -->
                </li>
                <li>
                  <a href="#" panel-name="chronological-EDM_Web_Automation" class="navigator-link ">
                    <span>Chronological view</span>
                  </a> <!-- navigator-link  -->
                </li>
              </ul>
            </div> <!-- suite-section-content -->
            <div class="result-section">
              <div class="suite-section-title">
                <span>Results</span>
              </div> <!-- suite-section-title -->
              <div class="suite-section-content">
                <ul>
                  <li>
                    <span class="method-stats">54 methods, 16 failed,   38 passed</span>
                  </li>
                  <li>
                    <span class="method-list-title failed">Failed methods</span>
                    <span class="show-or-hide-methods failed">
                      <a href="#" panel-name="suite-EDM_Web_Automation" class="hide-methods failed suite-EDM_Web_Automation"> (hide)</a> <!-- hide-methods failed suite-EDM_Web_Automation -->
                      <a href="#" panel-name="suite-EDM_Web_Automation" class="show-methods failed suite-EDM_Web_Automation"> (show)</a> <!-- show-methods failed suite-EDM_Web_Automation -->
                    </span>
                    <div class="method-list-content failed suite-EDM_Web_Automation">
                      <span>
                        <img src="failed.png" width="3%"/>
                        <a href="#" panel-name="suite-EDM_Web_Automation" title="qa.testcases.Mapping_Test" class="method navigator-link" hash-for-method="csvDownloadTemplate">csvDownloadTemplate</a> <!-- method navigator-link -->
                      </span>
                      <br/>
                      <span>
                        <img src="failed.png" width="3%"/>
                        <a href="#" panel-name="suite-EDM_Web_Automation" title="qa.testcases.Network_Test" class="method navigator-link" hash-for-method="csvDownloadTemplate">csvDownloadTemplate</a> <!-- method navigator-link -->
                      </span>
                      <br/>
                      <span>
                        <img src="failed.png" width="3%"/>
                        <a href="#" panel-name="suite-EDM_Web_Automation" title="qa.testcases.Currency_Test" class="method navigator-link" hash-for-method="csvDownloadTemplate">csvDownloadTemplate</a> <!-- method navigator-link -->
                      </span>
                      <br/>
                      <span>
                        <img src="failed.png" width="3%"/>
                        <a href="#" panel-name="suite-EDM_Web_Automation" title="qa.testcases.Personnel_Test" class="method navigator-link" hash-for-method="csvUploadAndDownload">csvUploadAndDownload</a> <!-- method navigator-link -->
                      </span>
                      <br/>
                      <span>
                        <img src="failed.png" width="3%"/>
                        <a href="#" panel-name="suite-EDM_Web_Automation" title="qa.testcases.Mapping_Test" class="method navigator-link" hash-for-method="csvUploadAndDownload">csvUploadAndDownload</a> <!-- method navigator-link -->
                      </span>
                      <br/>
                      <span>
                        <img src="failed.png" width="3%"/>
                        <a href="#" panel-name="suite-EDM_Web_Automation" title="qa.testcases.Network_Test" class="method navigator-link" hash-for-method="csvUploadAndDownload">csvUploadAndDownload</a> <!-- method navigator-link -->
                      </span>
                      <br/>
                      <span>
                        <img src="failed.png" width="3%"/>
                        <a href="#" panel-name="suite-EDM_Web_Automation" title="qa.testcases.Mapping_Test" class="method navigator-link" hash-for-method="verifyDropDownMenuNavigation">verifyDropDownMenuNavigation</a> <!-- method navigator-link -->
                      </span>
                      <br/>
                      <span>
                        <img src="failed.png" width="3%"/>
                        <a href="#" panel-name="suite-EDM_Web_Automation" title="qa.testcases.Network_Test" class="method navigator-link" hash-for-method="verifyDropDownMenuNavigation">verifyDropDownMenuNavigation</a> <!-- method navigator-link -->
                      </span>
                      <br/>
                      <span>
                        <img src="failed.png" width="3%"/>
                        <a href="#" panel-name="suite-EDM_Web_Automation" title="qa.testcases.Currency_Test" class="method navigator-link" hash-for-method="verifyDropDownMenuNavigation">verifyDropDownMenuNavigation</a> <!-- method navigator-link -->
                      </span>
                      <br/>
                      <span>
                        <img src="failed.png" width="3%"/>
                        <a href="#" panel-name="suite-EDM_Web_Automation" title="qa.testcases.Mapping_Test" class="method navigator-link" hash-for-method="verifyDropDownTable">verifyDropDownTable</a> <!-- method navigator-link -->
                      </span>
                      <br/>
                      <span>
                        <img src="failed.png" width="3%"/>
                        <a href="#" panel-name="suite-EDM_Web_Automation" title="qa.testcases.Network_Test" class="method navigator-link" hash-for-method="verifyDropDownTable">verifyDropDownTable</a> <!-- method navigator-link -->
                      </span>
                      <br/>
                      <span>
                        <img src="failed.png" width="3%"/>
                        <a href="#" panel-name="suite-EDM_Web_Automation" title="qa.testcases.Currency_Test" class="method navigator-link" hash-for-method="verifyDropDownTable">verifyDropDownTable</a> <!-- method navigator-link -->
                      </span>
                      <br/>
                      <span>
                        <img src="failed.png" width="3%"/>
                        <a href="#" panel-name="suite-EDM_Web_Automation" title="qa.testcases.Mapping_Test" class="method navigator-link" hash-for-method="verifySearchFeature">verifySearchFeature</a> <!-- method navigator-link -->
                      </span>
                      <br/>
                      <span>
                        <img src="failed.png" width="3%"/>
                        <a href="#" panel-name="suite-EDM_Web_Automation" title="qa.testcases.Network_Test" class="method navigator-link" hash-for-method="verifySearchFeature">verifySearchFeature</a> <!-- method navigator-link -->
                      </span>
                      <br/>
                      <span>
                        <img src="failed.png" width="3%"/>
                        <a href="#" panel-name="suite-EDM_Web_Automation" title="qa.testcases.Currency_Test" class="method navigator-link" hash-for-method="verifySearchFeature">verifySearchFeature</a> <!-- method navigator-link -->
                      </span>
                      <br/>
                      <span>
                        <img src="failed.png" width="3%"/>
                        <a href="#" panel-name="suite-EDM_Web_Automation" title="qa.testcases.Mapping_Test" class="method navigator-link" hash-for-method="verifypagination">verifypagination</a> <!-- method navigator-link -->
                      </span>
                      <br/>
                    </div> <!-- method-list-content failed suite-EDM_Web_Automation -->
                  </li>
                  <li>
                    <span class="method-list-title passed">Passed methods</span>
                    <span class="show-or-hide-methods passed">
                      <a href="#" panel-name="suite-EDM_Web_Automation" class="hide-methods passed suite-EDM_Web_Automation"> (hide)</a> <!-- hide-methods passed suite-EDM_Web_Automation -->
                      <a href="#" panel-name="suite-EDM_Web_Automation" class="show-methods passed suite-EDM_Web_Automation"> (show)</a> <!-- show-methods passed suite-EDM_Web_Automation -->
                    </span>
                    <div class="method-list-content passed suite-EDM_Web_Automation">
                      <span>
                        <img src="passed.png" width="3%"/>
                        <a href="#" panel-name="suite-EDM_Web_Automation" title="qa.testcases.Product_Test" class="method navigator-link" hash-for-method="SidemenuNavigation">SidemenuNavigation</a> <!-- method navigator-link -->
                      </span>
                      <br/>
                      <span>
                        <img src="passed.png" width="3%"/>
                        <a href="#" panel-name="suite-EDM_Web_Automation" title="qa.testcases.Personnel_Test" class="method navigator-link" hash-for-method="SidemenuNavigation">SidemenuNavigation</a> <!-- method navigator-link -->
                      </span>
                      <br/>
                      <span>
                        <img src="passed.png" width="3%"/>
                        <a href="#" panel-name="suite-EDM_Web_Automation" title="qa.testcases.Location_Test" class="method navigator-link" hash-for-method="SidemenuNavigation">SidemenuNavigation</a> <!-- method navigator-link -->
                      </span>
                      <br/>
                      <span>
                        <img src="passed.png" width="3%"/>
                        <a href="#" panel-name="suite-EDM_Web_Automation" title="qa.testcases.Mapping_Test" class="method navigator-link" hash-for-method="SidemenuNavigation">SidemenuNavigation</a> <!-- method navigator-link -->
                      </span>
                      <br/>
                      <span>
                        <img src="passed.png" width="3%"/>
                        <a href="#" panel-name="suite-EDM_Web_Automation" title="qa.testcases.Network_Test" class="method navigator-link" hash-for-method="SidemenuNavigation">SidemenuNavigation</a> <!-- method navigator-link -->
                      </span>
                      <br/>
                      <span>
                        <img src="passed.png" width="3%"/>
                        <a href="#" panel-name="suite-EDM_Web_Automation" title="qa.testcases.Currency_Test" class="method navigator-link" hash-for-method="SidemenuNavigation">SidemenuNavigation</a> <!-- method navigator-link -->
                      </span>
                      <br/>
                      <span>
                        <img src="passed.png" width="3%"/>
                        <a href="#" panel-name="suite-EDM_Web_Automation" title="qa.testcases.Product_Test" class="method navigator-link" hash-for-method="csvDownloadTemplate">csvDownloadTemplate</a> <!-- method navigator-link -->
                      </span>
                      <br/>
                      <span>
                        <img src="passed.png" width="3%"/>
                        <a href="#" panel-name="suite-EDM_Web_Automation" title="qa.testcases.Personnel_Test" class="method navigator-link" hash-for-method="csvDownloadTemplate">csvDownloadTemplate</a> <!-- method navigator-link -->
                      </span>
                      <br/>
                      <span>
                        <img src="passed.png" width="3%"/>
                        <a href="#" panel-name="suite-EDM_Web_Automation" title="qa.testcases.Location_Test" class="method navigator-link" hash-for-method="csvDownloadTemplate">csvDownloadTemplate</a> <!-- method navigator-link -->
                      </span>
                      <br/>
                      <span>
                        <img src="passed.png" width="3%"/>
                        <a href="#" panel-name="suite-EDM_Web_Automation" title="qa.testcases.Product_Test" class="method navigator-link" hash-for-method="csvUploadAndDownload">csvUploadAndDownload</a> <!-- method navigator-link -->
                      </span>
                      <br/>
                      <span>
                        <img src="passed.png" width="3%"/>
                        <a href="#" panel-name="suite-EDM_Web_Automation" title="qa.testcases.Location_Test" class="method navigator-link" hash-for-method="csvUploadAndDownload">csvUploadAndDownload</a> <!-- method navigator-link -->
                      </span>
                      <br/>
                      <span>
                        <img src="passed.png" width="3%"/>
                        <a href="#" panel-name="suite-EDM_Web_Automation" title="qa.testcases.Currency_Test" class="method navigator-link" hash-for-method="csvUploadAndDownload">csvUploadAndDownload</a> <!-- method navigator-link -->
                      </span>
                      <br/>
                      <span>
                        <img src="passed.png" width="3%"/>
                        <a href="#" panel-name="suite-EDM_Web_Automation" title="qa.testcases.Product_Test" class="method navigator-link" hash-for-method="loginTest7(demandplannertest@mailinator.com, 3scSolutions@123)">loginTest7(demandplannertest@mailinator.com, 3scSolutions@123)</a> <!-- method navigator-link -->
                      </span>
                      <br/>
                      <span>
                        <img src="passed.png" width="3%"/>
                        <a href="#" panel-name="suite-EDM_Web_Automation" title="qa.testcases.Personnel_Test" class="method navigator-link" hash-for-method="loginTest7(demandplannertest@mailinator.com, 3scSolutions@123)">loginTest7(demandplannertest@mailinator.com, 3scSolutions@123)</a> <!-- method navigator-link -->
                      </span>
                      <br/>
                      <span>
                        <img src="passed.png" width="3%"/>
                        <a href="#" panel-name="suite-EDM_Web_Automation" title="qa.testcases.Location_Test" class="method navigator-link" hash-for-method="loginTest7(demandplannertest@mailinator.com, 3scSolutions@123)">loginTest7(demandplannertest@mailinator.com, 3scSolutions@123)</a> <!-- method navigator-link -->
                      </span>
                      <br/>
                      <span>
                        <img src="passed.png" width="3%"/>
                        <a href="#" panel-name="suite-EDM_Web_Automation" title="qa.testcases.Mapping_Test" class="method navigator-link" hash-for-method="loginTest7(demandplannertest@mailinator.com, 3scSolutions@123)">loginTest7(demandplannertest@mailinator.com, 3scSolutions@123)</a> <!-- method navigator-link -->
                      </span>
                      <br/>
                      <span>
                        <img src="passed.png" width="3%"/>
                        <a href="#" panel-name="suite-EDM_Web_Automation" title="qa.testcases.Network_Test" class="method navigator-link" hash-for-method="loginTest7(demandplannertest@mailinator.com, 3scSolutions@123)">loginTest7(demandplannertest@mailinator.com, 3scSolutions@123)</a> <!-- method navigator-link -->
                      </span>
                      <br/>
                      <span>
                        <img src="passed.png" width="3%"/>
                        <a href="#" panel-name="suite-EDM_Web_Automation" title="qa.testcases.Currency_Test" class="method navigator-link" hash-for-method="loginTest7(demandplannertest@mailinator.com, 3scSolutions@123)">loginTest7(demandplannertest@mailinator.com, 3scSolutions@123)</a> <!-- method navigator-link -->
                      </span>
                      <br/>
                      <span>
                        <img src="passed.png" width="3%"/>
                        <a href="#" panel-name="suite-EDM_Web_Automation" title="qa.testcases.Product_Test" class="method navigator-link" hash-for-method="verifyDropDownMenuNavigation">verifyDropDownMenuNavigation</a> <!-- method navigator-link -->
                      </span>
                      <br/>
                      <span>
                        <img src="passed.png" width="3%"/>
                        <a href="#" panel-name="suite-EDM_Web_Automation" title="qa.testcases.Personnel_Test" class="method navigator-link" hash-for-method="verifyDropDownMenuNavigation">verifyDropDownMenuNavigation</a> <!-- method navigator-link -->
                      </span>
                      <br/>
                      <span>
                        <img src="passed.png" width="3%"/>
                        <a href="#" panel-name="suite-EDM_Web_Automation" title="qa.testcases.Location_Test" class="method navigator-link" hash-for-method="verifyDropDownMenuNavigation">verifyDropDownMenuNavigation</a> <!-- method navigator-link -->
                      </span>
                      <br/>
                      <span>
                        <img src="passed.png" width="3%"/>
                        <a href="#" panel-name="suite-EDM_Web_Automation" title="qa.testcases.Product_Test" class="method navigator-link" hash-for-method="verifyDropDownTable">verifyDropDownTable</a> <!-- method navigator-link -->
                      </span>
                      <br/>
                      <span>
                        <img src="passed.png" width="3%"/>
                        <a href="#" panel-name="suite-EDM_Web_Automation" title="qa.testcases.Personnel_Test" class="method navigator-link" hash-for-method="verifyDropDownTable">verifyDropDownTable</a> <!-- method navigator-link -->
                      </span>
                      <br/>
                      <span>
                        <img src="passed.png" width="3%"/>
                        <a href="#" panel-name="suite-EDM_Web_Automation" title="qa.testcases.Location_Test" class="method navigator-link" hash-for-method="verifyDropDownTable">verifyDropDownTable</a> <!-- method navigator-link -->
                      </span>
                      <br/>
                      <span>
                        <img src="passed.png" width="3%"/>
                        <a href="#" panel-name="suite-EDM_Web_Automation" title="qa.testcases.Product_Test" class="method navigator-link" hash-for-method="verifyProductEntityPage">verifyProductEntityPage</a> <!-- method navigator-link -->
                      </span>
                      <br/>
                      <span>
                        <img src="passed.png" width="3%"/>
                        <a href="#" panel-name="suite-EDM_Web_Automation" title="qa.testcases.Personnel_Test" class="method navigator-link" hash-for-method="verifyProductEntityPage">verifyProductEntityPage</a> <!-- method navigator-link -->
                      </span>
                      <br/>
                      <span>
                        <img src="passed.png" width="3%"/>
                        <a href="#" panel-name="suite-EDM_Web_Automation" title="qa.testcases.Location_Test" class="method navigator-link" hash-for-method="verifyProductEntityPage">verifyProductEntityPage</a> <!-- method navigator-link -->
                      </span>
                      <br/>
                      <span>
                        <img src="passed.png" width="3%"/>
                        <a href="#" panel-name="suite-EDM_Web_Automation" title="qa.testcases.Mapping_Test" class="method navigator-link" hash-for-method="verifyProductEntityPage">verifyProductEntityPage</a> <!-- method navigator-link -->
                      </span>
                      <br/>
                      <span>
                        <img src="passed.png" width="3%"/>
                        <a href="#" panel-name="suite-EDM_Web_Automation" title="qa.testcases.Network_Test" class="method navigator-link" hash-for-method="verifyProductEntityPage">verifyProductEntityPage</a> <!-- method navigator-link -->
                      </span>
                      <br/>
                      <span>
                        <img src="passed.png" width="3%"/>
                        <a href="#" panel-name="suite-EDM_Web_Automation" title="qa.testcases.Currency_Test" class="method navigator-link" hash-for-method="verifyProductEntityPage">verifyProductEntityPage</a> <!-- method navigator-link -->
                      </span>
                      <br/>
                      <span>
                        <img src="passed.png" width="3%"/>
                        <a href="#" panel-name="suite-EDM_Web_Automation" title="qa.testcases.Product_Test" class="method navigator-link" hash-for-method="verifySearchFeature">verifySearchFeature</a> <!-- method navigator-link -->
                      </span>
                      <br/>
                      <span>
                        <img src="passed.png" width="3%"/>
                        <a href="#" panel-name="suite-EDM_Web_Automation" title="qa.testcases.Personnel_Test" class="method navigator-link" hash-for-method="verifySearchFeature">verifySearchFeature</a> <!-- method navigator-link -->
                      </span>
                      <br/>
                      <span>
                        <img src="passed.png" width="3%"/>
                        <a href="#" panel-name="suite-EDM_Web_Automation" title="qa.testcases.Location_Test" class="method navigator-link" hash-for-method="verifySearchFeature">verifySearchFeature</a> <!-- method navigator-link -->
                      </span>
                      <br/>
                      <span>
                        <img src="passed.png" width="3%"/>
                        <a href="#" panel-name="suite-EDM_Web_Automation" title="qa.testcases.Product_Test" class="method navigator-link" hash-for-method="verifypagination">verifypagination</a> <!-- method navigator-link -->
                      </span>
                      <br/>
                      <span>
                        <img src="passed.png" width="3%"/>
                        <a href="#" panel-name="suite-EDM_Web_Automation" title="qa.testcases.Personnel_Test" class="method navigator-link" hash-for-method="verifypagination">verifypagination</a> <!-- method navigator-link -->
                      </span>
                      <br/>
                      <span>
                        <img src="passed.png" width="3%"/>
                        <a href="#" panel-name="suite-EDM_Web_Automation" title="qa.testcases.Location_Test" class="method navigator-link" hash-for-method="verifypagination">verifypagination</a> <!-- method navigator-link -->
                      </span>
                      <br/>
                      <span>
                        <img src="passed.png" width="3%"/>
                        <a href="#" panel-name="suite-EDM_Web_Automation" title="qa.testcases.Network_Test" class="method navigator-link" hash-for-method="verifypagination">verifypagination</a> <!-- method navigator-link -->
                      </span>
                      <br/>
                      <span>
                        <img src="passed.png" width="3%"/>
                        <a href="#" panel-name="suite-EDM_Web_Automation" title="qa.testcases.Currency_Test" class="method navigator-link" hash-for-method="verifypagination">verifypagination</a> <!-- method navigator-link -->
                      </span>
                      <br/>
                    </div> <!-- method-list-content passed suite-EDM_Web_Automation -->
                  </li>
                </ul>
              </div> <!-- suite-section-content -->
            </div> <!-- result-section -->
          </div> <!-- navigator-suite-content -->
        </div> <!-- rounded-window -->
      </div> <!-- suite -->
    </div> <!-- navigator-root -->
    <div class="wrapper">
      <div class="main-panel-root">
        <div panel-name="suite-EDM_Web_Automation" class="panel EDM_Web_Automation">
          <div class="suite-EDM_Web_Automation-class-failed">
            <div class="main-panel-header rounded-window-top">
              <img src="failed.png"/>
              <span class="class-name">qa.testcases.Personnel_Test</span>
            </div> <!-- main-panel-header rounded-window-top -->
            <div class="main-panel-content rounded-window-bottom">
              <div class="method">
                <div class="method-content">
                  <a name="csvUploadAndDownload">
                  </a> <!-- csvUploadAndDownload -->
                  <span class="method-name">csvUploadAndDownload</span>
                  <div class="stack-trace">org.openqa.selenium.ElementClickInterceptedException: element click intercepted: Element &lt;button disabled=&quot;&quot; class=&quot;btn secondary-button ml-15&quot; type=&quot;button&quot;&gt;...&lt;/button&gt; is not clickable at point (929, 194). Other element would receive the click: &lt;div class=&quot;client-listing-toolbar-right&quot;&gt;...&lt;/div&gt;
  (Session info: chrome=114.0.5735.90)
Build info: version: &apos;3.14.0&apos;, revision: &apos;aacccce0&apos;, time: &apos;2018-08-02T20:19:58.91Z&apos;
System info: host: &apos;PF3ZE9EW&apos;, ip: &apos;172.168.159.96&apos;, os.name: &apos;Windows 11&apos;, os.arch: &apos;amd64&apos;, os.version: &apos;10.0&apos;, java.version: &apos;11.0.17&apos;
Driver info: org.openqa.selenium.chrome.ChromeDriver
Capabilities {acceptInsecureCerts: false, browserName: chrome, browserVersion: 114.0.5735.90, chrome: {chromedriverVersion: 114.0.5735.16 (7e1ff058633f..., userDataDir: C:\Users\RAGHUN~1.G\AppData...}, goog:chromeOptions: {debuggerAddress: localhost:61298}, javascriptEnabled: true, networkConnectionEnabled: false, pageLoadStrategy: normal, platform: WINDOWS, platformName: WINDOWS, proxy: Proxy(), setWindowRect: true, strictFileInteractability: false, timeouts: {implicit: 0, pageLoad: 300000, script: 30000}, unhandledPromptBehavior: dismiss and notify, webauthn:extension:credBlob: true, webauthn:extension:largeBlob: true, webauthn:extension:minPinLength: true, webauthn:extension:prf: true, webauthn:virtualAuthenticators: true}
Session ID: a59a697a8f99932d96dfb9e65ab6d0b9
	at org.openqa.selenium.remote.http.W3CHttpResponseCodec.createException(W3CHttpResponseCodec.java:187)
	at org.openqa.selenium.remote.http.W3CHttpResponseCodec.decode(W3CHttpResponseCodec.java:122)
	at org.openqa.selenium.remote.http.W3CHttpResponseCodec.decode(W3CHttpResponseCodec.java:49)
	at org.openqa.selenium.remote.HttpCommandExecutor.execute(HttpCommandExecutor.java:158)
	at org.openqa.selenium.remote.service.DriverCommandExecutor.execute(DriverCommandExecutor.java:83)
	at org.openqa.selenium.remote.RemoteWebDriver.execute(RemoteWebDriver.java:548)
	at org.openqa.selenium.remote.RemoteWebElement.execute(RemoteWebElement.java:276)
	at org.openqa.selenium.remote.RemoteWebElement.click(RemoteWebElement.java:83)
	at org.openqa.selenium.support.events.EventFiringWebDriver$EventFiringWebElement.lambda$new$0(EventFiringWebDriver.java:403)
	at com.sun.proxy.$Proxy17.click(Unknown Source)
	at org.openqa.selenium.support.events.EventFiringWebDriver$EventFiringWebElement.click(EventFiringWebDriver.java:416)
	at org.openqa.selenium.support.pagefactory.internal.LocatingElementHandler.invoke(LocatingElementHandler.java:51)
	at com.sun.proxy.$Proxy15.click(Unknown Source)
	at qa.pages.Personnel_Page.verifycsvDownloadButton(Personnel_Page.java:103)
	at qa.testcases.Personnel_Test.csvUploadAndDownload(Personnel_Test.java:66)
	at java.base/java.util.ArrayList.forEach(ArrayList.java:1541)
... Removed 37 stack frames
</div> <!-- stack-trace -->
                </div> <!-- method-content -->
              </div> <!-- method -->
            </div> <!-- main-panel-content rounded-window-bottom -->
          </div> <!-- suite-EDM_Web_Automation-class-failed -->
          <div class="suite-EDM_Web_Automation-class-failed">
            <div class="main-panel-header rounded-window-top">
              <img src="failed.png"/>
              <span class="class-name">qa.testcases.Currency_Test</span>
            </div> <!-- main-panel-header rounded-window-top -->
            <div class="main-panel-content rounded-window-bottom">
              <div class="method">
                <div class="method-content">
                  <a name="csvDownloadTemplate">
                  </a> <!-- csvDownloadTemplate -->
                  <span class="method-name">csvDownloadTemplate</span>
                  <div class="stack-trace">org.openqa.selenium.NoSuchElementException: no such element: Unable to locate element: {&quot;method&quot;:&quot;xpath&quot;,&quot;selector&quot;:&quot;//button[@class=&apos;k-button k-button-md k-rounded-md k-button-solid k-button-solid-base download-template-button&apos;]&quot;}
  (Session info: chrome=114.0.5735.90)
For documentation on this error, please visit: http://seleniumhq.org/exceptions/no_such_element.html
Build info: version: &apos;3.14.0&apos;, revision: &apos;aacccce0&apos;, time: &apos;2018-08-02T20:19:58.91Z&apos;
System info: host: &apos;PF3ZE9EW&apos;, ip: &apos;172.168.159.96&apos;, os.name: &apos;Windows 11&apos;, os.arch: &apos;amd64&apos;, os.version: &apos;10.0&apos;, java.version: &apos;11.0.17&apos;
Driver info: org.openqa.selenium.chrome.ChromeDriver
Capabilities {acceptInsecureCerts: false, browserName: chrome, browserVersion: 114.0.5735.90, chrome: {chromedriverVersion: 114.0.5735.16 (7e1ff058633f..., userDataDir: C:\Users\RAGHUN~1.G\AppData...}, goog:chromeOptions: {debuggerAddress: localhost:61809}, javascriptEnabled: true, networkConnectionEnabled: false, pageLoadStrategy: normal, platform: WINDOWS, platformName: WINDOWS, proxy: Proxy(), setWindowRect: true, strictFileInteractability: false, timeouts: {implicit: 0, pageLoad: 300000, script: 30000}, unhandledPromptBehavior: dismiss and notify, webauthn:extension:credBlob: true, webauthn:extension:largeBlob: true, webauthn:extension:minPinLength: true, webauthn:extension:prf: true, webauthn:virtualAuthenticators: true}
Session ID: e4c9e3b58d43fd624b2ceaeb8f34d0b3
*** Element info: {Using=xpath, value=//button[@class=&apos;k-button k-button-md k-rounded-md k-button-solid k-button-solid-base download-template-button&apos;]}
	at org.openqa.selenium.remote.http.W3CHttpResponseCodec.createException(W3CHttpResponseCodec.java:187)
	at org.openqa.selenium.remote.http.W3CHttpResponseCodec.decode(W3CHttpResponseCodec.java:122)
	at org.openqa.selenium.remote.http.W3CHttpResponseCodec.decode(W3CHttpResponseCodec.java:49)
	at org.openqa.selenium.remote.HttpCommandExecutor.execute(HttpCommandExecutor.java:158)
	at org.openqa.selenium.remote.service.DriverCommandExecutor.execute(DriverCommandExecutor.java:83)
	at org.openqa.selenium.remote.RemoteWebDriver.execute(RemoteWebDriver.java:548)
	at org.openqa.selenium.remote.RemoteWebDriver.findElement(RemoteWebDriver.java:322)
	at org.openqa.selenium.remote.RemoteWebDriver.findElementByXPath(RemoteWebDriver.java:424)
	at org.openqa.selenium.By$ByXPath.findElement(By.java:353)
	at org.openqa.selenium.remote.RemoteWebDriver.findElement(RemoteWebDriver.java:314)
	at org.openqa.selenium.support.events.EventFiringWebDriver.lambda$new$1(EventFiringWebDriver.java:105)
	at com.sun.proxy.$Proxy11.findElement(Unknown Source)
	at org.openqa.selenium.support.events.EventFiringWebDriver.findElement(EventFiringWebDriver.java:194)
	at org.openqa.selenium.support.pagefactory.DefaultElementLocator.findElement(DefaultElementLocator.java:69)
	at org.openqa.selenium.support.pagefactory.internal.LocatingElementHandler.invoke(LocatingElementHandler.java:38)
	at com.sun.proxy.$Proxy15.click(Unknown Source)
	at qa.pages.Currency_Page.verifyDownloadTemplateButton(Currency_Page.java:158)
	at qa.testcases.Currency_Test.csvDownloadTemplate(Currency_Test.java:76)
	at java.base/java.util.ArrayList.forEach(ArrayList.java:1541)
... Removed 34 stack frames
</div> <!-- stack-trace -->
                </div> <!-- method-content -->
              </div> <!-- method -->
              <div class="method">
                <div class="method-content">
                  <a name="verifyDropDownMenuNavigation">
                  </a> <!-- verifyDropDownMenuNavigation -->
                  <span class="method-name">verifyDropDownMenuNavigation</span>
                  <div class="stack-trace">org.openqa.selenium.NoSuchElementException: no such element: Unable to locate element: {&quot;method&quot;:&quot;xpath&quot;,&quot;selector&quot;:&quot;(//li[@role=&apos;option&apos;])[4]&quot;}
  (Session info: chrome=114.0.5735.90)
For documentation on this error, please visit: http://seleniumhq.org/exceptions/no_such_element.html
Build info: version: &apos;3.14.0&apos;, revision: &apos;aacccce0&apos;, time: &apos;2018-08-02T20:19:58.91Z&apos;
System info: host: &apos;PF3ZE9EW&apos;, ip: &apos;172.168.159.96&apos;, os.name: &apos;Windows 11&apos;, os.arch: &apos;amd64&apos;, os.version: &apos;10.0&apos;, java.version: &apos;11.0.17&apos;
Driver info: org.openqa.selenium.chrome.ChromeDriver
Capabilities {acceptInsecureCerts: false, browserName: chrome, browserVersion: 114.0.5735.90, chrome: {chromedriverVersion: 114.0.5735.16 (7e1ff058633f..., userDataDir: C:\Users\RAGHUN~1.G\AppData...}, goog:chromeOptions: {debuggerAddress: localhost:61809}, javascriptEnabled: true, networkConnectionEnabled: false, pageLoadStrategy: normal, platform: WINDOWS, platformName: WINDOWS, proxy: Proxy(), setWindowRect: true, strictFileInteractability: false, timeouts: {implicit: 0, pageLoad: 300000, script: 30000}, unhandledPromptBehavior: dismiss and notify, webauthn:extension:credBlob: true, webauthn:extension:largeBlob: true, webauthn:extension:minPinLength: true, webauthn:extension:prf: true, webauthn:virtualAuthenticators: true}
Session ID: e4c9e3b58d43fd624b2ceaeb8f34d0b3
*** Element info: {Using=xpath, value=(//li[@role=&apos;option&apos;])[4]}
	at org.openqa.selenium.remote.http.W3CHttpResponseCodec.createException(W3CHttpResponseCodec.java:187)
	at org.openqa.selenium.remote.http.W3CHttpResponseCodec.decode(W3CHttpResponseCodec.java:122)
	at org.openqa.selenium.remote.http.W3CHttpResponseCodec.decode(W3CHttpResponseCodec.java:49)
	at org.openqa.selenium.remote.HttpCommandExecutor.execute(HttpCommandExecutor.java:158)
	at org.openqa.selenium.remote.service.DriverCommandExecutor.execute(DriverCommandExecutor.java:83)
	at org.openqa.selenium.remote.RemoteWebDriver.execute(RemoteWebDriver.java:548)
	at org.openqa.selenium.remote.RemoteWebDriver.findElement(RemoteWebDriver.java:322)
	at org.openqa.selenium.remote.RemoteWebDriver.findElementByXPath(RemoteWebDriver.java:424)
	at org.openqa.selenium.By$ByXPath.findElement(By.java:353)
	at org.openqa.selenium.remote.RemoteWebDriver.findElement(RemoteWebDriver.java:314)
	at org.openqa.selenium.support.events.EventFiringWebDriver.lambda$new$1(EventFiringWebDriver.java:105)
	at com.sun.proxy.$Proxy11.findElement(Unknown Source)
	at org.openqa.selenium.support.events.EventFiringWebDriver.findElement(EventFiringWebDriver.java:194)
	at qa.pages.Currency_Page.DropDownMenuNavigation(Currency_Page.java:202)
	at qa.testcases.Currency_Test.verifyDropDownMenuNavigation(Currency_Test.java:101)
	at java.base/java.util.ArrayList.forEach(ArrayList.java:1541)
... Removed 34 stack frames
</div> <!-- stack-trace -->
                </div> <!-- method-content -->
              </div> <!-- method -->
              <div class="method">
                <div class="method-content">
                  <a name="verifyDropDownTable">
                  </a> <!-- verifyDropDownTable -->
                  <span class="method-name">verifyDropDownTable</span>
                  <div class="stack-trace">org.openqa.selenium.ElementClickInterceptedException: element click intercepted: Element &lt;div tabindex=&quot;0&quot; role=&quot;button&quot; aria-expanded=&quot;false&quot; aria-haspopup=&quot;listbox&quot; aria-labelledby=&quot;mui-component-select-show&quot; id=&quot;mui-component-select-show&quot; class=&quot;MuiSelect-select MuiSelect-outlined MuiInputBase-input MuiOutlinedInput-input css-qiwgdb&quot;&gt;...&lt;/div&gt; is not clickable at point (310, 194). Other element would receive the click: &lt;div class=&quot;k-overlay&quot;&gt;&lt;/div&gt;
  (Session info: chrome=114.0.5735.90)
Build info: version: &apos;3.14.0&apos;, revision: &apos;aacccce0&apos;, time: &apos;2018-08-02T20:19:58.91Z&apos;
System info: host: &apos;PF3ZE9EW&apos;, ip: &apos;172.168.159.96&apos;, os.name: &apos;Windows 11&apos;, os.arch: &apos;amd64&apos;, os.version: &apos;10.0&apos;, java.version: &apos;11.0.17&apos;
Driver info: org.openqa.selenium.chrome.ChromeDriver
Capabilities {acceptInsecureCerts: false, browserName: chrome, browserVersion: 114.0.5735.90, chrome: {chromedriverVersion: 114.0.5735.16 (7e1ff058633f..., userDataDir: C:\Users\RAGHUN~1.G\AppData...}, goog:chromeOptions: {debuggerAddress: localhost:61809}, javascriptEnabled: true, networkConnectionEnabled: false, pageLoadStrategy: normal, platform: WINDOWS, platformName: WINDOWS, proxy: Proxy(), setWindowRect: true, strictFileInteractability: false, timeouts: {implicit: 0, pageLoad: 300000, script: 30000}, unhandledPromptBehavior: dismiss and notify, webauthn:extension:credBlob: true, webauthn:extension:largeBlob: true, webauthn:extension:minPinLength: true, webauthn:extension:prf: true, webauthn:virtualAuthenticators: true}
Session ID: e4c9e3b58d43fd624b2ceaeb8f34d0b3
	at org.openqa.selenium.remote.http.W3CHttpResponseCodec.createException(W3CHttpResponseCodec.java:187)
	at org.openqa.selenium.remote.http.W3CHttpResponseCodec.decode(W3CHttpResponseCodec.java:122)
	at org.openqa.selenium.remote.http.W3CHttpResponseCodec.decode(W3CHttpResponseCodec.java:49)
	at org.openqa.selenium.remote.HttpCommandExecutor.execute(HttpCommandExecutor.java:158)
	at org.openqa.selenium.remote.service.DriverCommandExecutor.execute(DriverCommandExecutor.java:83)
	at org.openqa.selenium.remote.RemoteWebDriver.execute(RemoteWebDriver.java:548)
	at org.openqa.selenium.remote.RemoteWebElement.execute(RemoteWebElement.java:276)
	at org.openqa.selenium.remote.RemoteWebElement.click(RemoteWebElement.java:83)
	at org.openqa.selenium.support.events.EventFiringWebDriver$EventFiringWebElement.lambda$new$0(EventFiringWebDriver.java:403)
	at com.sun.proxy.$Proxy17.click(Unknown Source)
	at org.openqa.selenium.support.events.EventFiringWebDriver$EventFiringWebElement.click(EventFiringWebDriver.java:416)
	at org.openqa.selenium.support.pagefactory.internal.LocatingElementHandler.invoke(LocatingElementHandler.java:51)
	at com.sun.proxy.$Proxy15.click(Unknown Source)
	at qa.pages.Currency_Page.verifyDropDownMenu(Currency_Page.java:175)
	at qa.testcases.Currency_Test.verifyDropDownTable(Currency_Test.java:93)
	at java.base/java.util.ArrayList.forEach(ArrayList.java:1541)
... Removed 36 stack frames
</div> <!-- stack-trace -->
                </div> <!-- method-content -->
              </div> <!-- method -->
              <div class="method">
                <div class="method-content">
                  <a name="verifySearchFeature">
                  </a> <!-- verifySearchFeature -->
                  <span class="method-name">verifySearchFeature</span>
                  <div class="stack-trace">org.openqa.selenium.ElementClickInterceptedException: element click intercepted: Element &lt;button class=&quot;btn primary-button ml-5&quot; type=&quot;submit&quot;&gt;...&lt;/button&gt; is not clickable at point (1206, 194). Other element would receive the click: &lt;div class=&quot;k-overlay&quot;&gt;&lt;/div&gt;
  (Session info: chrome=114.0.5735.90)
Build info: version: &apos;3.14.0&apos;, revision: &apos;aacccce0&apos;, time: &apos;2018-08-02T20:19:58.91Z&apos;
System info: host: &apos;PF3ZE9EW&apos;, ip: &apos;172.168.159.96&apos;, os.name: &apos;Windows 11&apos;, os.arch: &apos;amd64&apos;, os.version: &apos;10.0&apos;, java.version: &apos;11.0.17&apos;
Driver info: org.openqa.selenium.chrome.ChromeDriver
Capabilities {acceptInsecureCerts: false, browserName: chrome, browserVersion: 114.0.5735.90, chrome: {chromedriverVersion: 114.0.5735.16 (7e1ff058633f..., userDataDir: C:\Users\RAGHUN~1.G\AppData...}, goog:chromeOptions: {debuggerAddress: localhost:61809}, javascriptEnabled: true, networkConnectionEnabled: false, pageLoadStrategy: normal, platform: WINDOWS, platformName: WINDOWS, proxy: Proxy(), setWindowRect: true, strictFileInteractability: false, timeouts: {implicit: 0, pageLoad: 300000, script: 30000}, unhandledPromptBehavior: dismiss and notify, webauthn:extension:credBlob: true, webauthn:extension:largeBlob: true, webauthn:extension:minPinLength: true, webauthn:extension:prf: true, webauthn:virtualAuthenticators: true}
Session ID: e4c9e3b58d43fd624b2ceaeb8f34d0b3
	at org.openqa.selenium.remote.http.W3CHttpResponseCodec.createException(W3CHttpResponseCodec.java:187)
	at org.openqa.selenium.remote.http.W3CHttpResponseCodec.decode(W3CHttpResponseCodec.java:122)
	at org.openqa.selenium.remote.http.W3CHttpResponseCodec.decode(W3CHttpResponseCodec.java:49)
	at org.openqa.selenium.remote.HttpCommandExecutor.execute(HttpCommandExecutor.java:158)
	at org.openqa.selenium.remote.service.DriverCommandExecutor.execute(DriverCommandExecutor.java:83)
	at org.openqa.selenium.remote.RemoteWebDriver.execute(RemoteWebDriver.java:548)
	at org.openqa.selenium.remote.RemoteWebElement.execute(RemoteWebElement.java:276)
	at org.openqa.selenium.remote.RemoteWebElement.click(RemoteWebElement.java:83)
	at org.openqa.selenium.support.events.EventFiringWebDriver$EventFiringWebElement.lambda$new$0(EventFiringWebDriver.java:403)
	at com.sun.proxy.$Proxy17.click(Unknown Source)
	at org.openqa.selenium.support.events.EventFiringWebDriver$EventFiringWebElement.click(EventFiringWebDriver.java:416)
	at org.openqa.selenium.support.pagefactory.internal.LocatingElementHandler.invoke(LocatingElementHandler.java:51)
	at com.sun.proxy.$Proxy15.click(Unknown Source)
	at qa.pages.Currency_Page.verifySearch(Currency_Page.java:164)
	at qa.testcases.Currency_Test.verifySearchFeature(Currency_Test.java:84)
	at java.base/java.util.ArrayList.forEach(ArrayList.java:1541)
... Removed 36 stack frames
</div> <!-- stack-trace -->
                </div> <!-- method-content -->
              </div> <!-- method -->
            </div> <!-- main-panel-content rounded-window-bottom -->
          </div> <!-- suite-EDM_Web_Automation-class-failed -->
          <div class="suite-EDM_Web_Automation-class-failed">
            <div class="main-panel-header rounded-window-top">
              <img src="failed.png"/>
              <span class="class-name">qa.testcases.Network_Test</span>
            </div> <!-- main-panel-header rounded-window-top -->
            <div class="main-panel-content rounded-window-bottom">
              <div class="method">
                <div class="method-content">
                  <a name="csvDownloadTemplate">
                  </a> <!-- csvDownloadTemplate -->
                  <span class="method-name">csvDownloadTemplate</span>
                  <div class="stack-trace">org.openqa.selenium.NoSuchElementException: no such element: Unable to locate element: {&quot;method&quot;:&quot;xpath&quot;,&quot;selector&quot;:&quot;//button[@class=&apos;k-button k-button-md k-rounded-md k-button-solid k-button-solid-base download-template-button&apos;]&quot;}
  (Session info: chrome=114.0.5735.90)
For documentation on this error, please visit: http://seleniumhq.org/exceptions/no_such_element.html
Build info: version: &apos;3.14.0&apos;, revision: &apos;aacccce0&apos;, time: &apos;2018-08-02T20:19:58.91Z&apos;
System info: host: &apos;PF3ZE9EW&apos;, ip: &apos;172.168.159.96&apos;, os.name: &apos;Windows 11&apos;, os.arch: &apos;amd64&apos;, os.version: &apos;10.0&apos;, java.version: &apos;11.0.17&apos;
Driver info: org.openqa.selenium.chrome.ChromeDriver
Capabilities {acceptInsecureCerts: false, browserName: chrome, browserVersion: 114.0.5735.90, chrome: {chromedriverVersion: 114.0.5735.16 (7e1ff058633f..., userDataDir: C:\Users\RAGHUN~1.G\AppData...}, goog:chromeOptions: {debuggerAddress: localhost:61600}, javascriptEnabled: true, networkConnectionEnabled: false, pageLoadStrategy: normal, platform: WINDOWS, platformName: WINDOWS, proxy: Proxy(), setWindowRect: true, strictFileInteractability: false, timeouts: {implicit: 0, pageLoad: 300000, script: 30000}, unhandledPromptBehavior: dismiss and notify, webauthn:extension:credBlob: true, webauthn:extension:largeBlob: true, webauthn:extension:minPinLength: true, webauthn:extension:prf: true, webauthn:virtualAuthenticators: true}
Session ID: f615f5ebe41d548cf1f0c95077062173
*** Element info: {Using=xpath, value=//button[@class=&apos;k-button k-button-md k-rounded-md k-button-solid k-button-solid-base download-template-button&apos;]}
	at org.openqa.selenium.remote.http.W3CHttpResponseCodec.createException(W3CHttpResponseCodec.java:187)
	at org.openqa.selenium.remote.http.W3CHttpResponseCodec.decode(W3CHttpResponseCodec.java:122)
	at org.openqa.selenium.remote.http.W3CHttpResponseCodec.decode(W3CHttpResponseCodec.java:49)
	at org.openqa.selenium.remote.HttpCommandExecutor.execute(HttpCommandExecutor.java:158)
	at org.openqa.selenium.remote.service.DriverCommandExecutor.execute(DriverCommandExecutor.java:83)
	at org.openqa.selenium.remote.RemoteWebDriver.execute(RemoteWebDriver.java:548)
	at org.openqa.selenium.remote.RemoteWebDriver.findElement(RemoteWebDriver.java:322)
	at org.openqa.selenium.remote.RemoteWebDriver.findElementByXPath(RemoteWebDriver.java:424)
	at org.openqa.selenium.By$ByXPath.findElement(By.java:353)
	at org.openqa.selenium.remote.RemoteWebDriver.findElement(RemoteWebDriver.java:314)
	at org.openqa.selenium.support.events.EventFiringWebDriver.lambda$new$1(EventFiringWebDriver.java:105)
	at com.sun.proxy.$Proxy11.findElement(Unknown Source)
	at org.openqa.selenium.support.events.EventFiringWebDriver.findElement(EventFiringWebDriver.java:194)
	at org.openqa.selenium.support.pagefactory.DefaultElementLocator.findElement(DefaultElementLocator.java:69)
	at org.openqa.selenium.support.pagefactory.internal.LocatingElementHandler.invoke(LocatingElementHandler.java:38)
	at com.sun.proxy.$Proxy15.click(Unknown Source)
	at qa.pages.Network_Page.verifyDownloadTemplateButton(Network_Page.java:159)
	at qa.testcases.Network_Test.csvDownloadTemplate(Network_Test.java:76)
	at java.base/java.util.ArrayList.forEach(ArrayList.java:1541)
... Removed 34 stack frames
</div> <!-- stack-trace -->
                </div> <!-- method-content -->
              </div> <!-- method -->
              <div class="method">
                <div class="method-content">
                  <a name="csvUploadAndDownload">
                  </a> <!-- csvUploadAndDownload -->
                  <span class="method-name">csvUploadAndDownload</span>
                  <div class="stack-trace">org.openqa.selenium.ElementClickInterceptedException: element click intercepted: Element &lt;button disabled=&quot;&quot; class=&quot;btn secondary-button ml-15&quot; type=&quot;button&quot;&gt;...&lt;/button&gt; is not clickable at point (929, 194). Other element would receive the click: &lt;div class=&quot;client-listing-toolbar-right&quot;&gt;...&lt;/div&gt;
  (Session info: chrome=114.0.5735.90)
Build info: version: &apos;3.14.0&apos;, revision: &apos;aacccce0&apos;, time: &apos;2018-08-02T20:19:58.91Z&apos;
System info: host: &apos;PF3ZE9EW&apos;, ip: &apos;172.168.159.96&apos;, os.name: &apos;Windows 11&apos;, os.arch: &apos;amd64&apos;, os.version: &apos;10.0&apos;, java.version: &apos;11.0.17&apos;
Driver info: org.openqa.selenium.chrome.ChromeDriver
Capabilities {acceptInsecureCerts: false, browserName: chrome, browserVersion: 114.0.5735.90, chrome: {chromedriverVersion: 114.0.5735.16 (7e1ff058633f..., userDataDir: C:\Users\RAGHUN~1.G\AppData...}, goog:chromeOptions: {debuggerAddress: localhost:61600}, javascriptEnabled: true, networkConnectionEnabled: false, pageLoadStrategy: normal, platform: WINDOWS, platformName: WINDOWS, proxy: Proxy(), setWindowRect: true, strictFileInteractability: false, timeouts: {implicit: 0, pageLoad: 300000, script: 30000}, unhandledPromptBehavior: dismiss and notify, webauthn:extension:credBlob: true, webauthn:extension:largeBlob: true, webauthn:extension:minPinLength: true, webauthn:extension:prf: true, webauthn:virtualAuthenticators: true}
Session ID: f615f5ebe41d548cf1f0c95077062173
	at org.openqa.selenium.remote.http.W3CHttpResponseCodec.createException(W3CHttpResponseCodec.java:187)
	at org.openqa.selenium.remote.http.W3CHttpResponseCodec.decode(W3CHttpResponseCodec.java:122)
	at org.openqa.selenium.remote.http.W3CHttpResponseCodec.decode(W3CHttpResponseCodec.java:49)
	at org.openqa.selenium.remote.HttpCommandExecutor.execute(HttpCommandExecutor.java:158)
	at org.openqa.selenium.remote.service.DriverCommandExecutor.execute(DriverCommandExecutor.java:83)
	at org.openqa.selenium.remote.RemoteWebDriver.execute(RemoteWebDriver.java:548)
	at org.openqa.selenium.remote.RemoteWebElement.execute(RemoteWebElement.java:276)
	at org.openqa.selenium.remote.RemoteWebElement.click(RemoteWebElement.java:83)
	at org.openqa.selenium.support.events.EventFiringWebDriver$EventFiringWebElement.lambda$new$0(EventFiringWebDriver.java:403)
	at com.sun.proxy.$Proxy17.click(Unknown Source)
	at org.openqa.selenium.support.events.EventFiringWebDriver$EventFiringWebElement.click(EventFiringWebDriver.java:416)
	at org.openqa.selenium.support.pagefactory.internal.LocatingElementHandler.invoke(LocatingElementHandler.java:51)
	at com.sun.proxy.$Proxy15.click(Unknown Source)
	at qa.pages.Network_Page.verifycsvDownloadButton(Network_Page.java:103)
	at qa.testcases.Network_Test.csvUploadAndDownload(Network_Test.java:66)
	at java.base/java.util.ArrayList.forEach(ArrayList.java:1541)
... Removed 37 stack frames
</div> <!-- stack-trace -->
                </div> <!-- method-content -->
              </div> <!-- method -->
              <div class="method">
                <div class="method-content">
                  <a name="verifyDropDownMenuNavigation">
                  </a> <!-- verifyDropDownMenuNavigation -->
                  <span class="method-name">verifyDropDownMenuNavigation</span>
                  <div class="stack-trace">org.openqa.selenium.NoSuchElementException: no such element: Unable to locate element: {&quot;method&quot;:&quot;xpath&quot;,&quot;selector&quot;:&quot;(//li[@role=&apos;option&apos;])[1]&quot;}
  (Session info: chrome=114.0.5735.90)
For documentation on this error, please visit: http://seleniumhq.org/exceptions/no_such_element.html
Build info: version: &apos;3.14.0&apos;, revision: &apos;aacccce0&apos;, time: &apos;2018-08-02T20:19:58.91Z&apos;
System info: host: &apos;PF3ZE9EW&apos;, ip: &apos;172.168.159.96&apos;, os.name: &apos;Windows 11&apos;, os.arch: &apos;amd64&apos;, os.version: &apos;10.0&apos;, java.version: &apos;11.0.17&apos;
Driver info: org.openqa.selenium.chrome.ChromeDriver
Capabilities {acceptInsecureCerts: false, browserName: chrome, browserVersion: 114.0.5735.90, chrome: {chromedriverVersion: 114.0.5735.16 (7e1ff058633f..., userDataDir: C:\Users\RAGHUN~1.G\AppData...}, goog:chromeOptions: {debuggerAddress: localhost:61600}, javascriptEnabled: true, networkConnectionEnabled: false, pageLoadStrategy: normal, platform: WINDOWS, platformName: WINDOWS, proxy: Proxy(), setWindowRect: true, strictFileInteractability: false, timeouts: {implicit: 0, pageLoad: 300000, script: 30000}, unhandledPromptBehavior: dismiss and notify, webauthn:extension:credBlob: true, webauthn:extension:largeBlob: true, webauthn:extension:minPinLength: true, webauthn:extension:prf: true, webauthn:virtualAuthenticators: true}
Session ID: f615f5ebe41d548cf1f0c95077062173
*** Element info: {Using=xpath, value=(//li[@role=&apos;option&apos;])[1]}
	at org.openqa.selenium.remote.http.W3CHttpResponseCodec.createException(W3CHttpResponseCodec.java:187)
	at org.openqa.selenium.remote.http.W3CHttpResponseCodec.decode(W3CHttpResponseCodec.java:122)
	at org.openqa.selenium.remote.http.W3CHttpResponseCodec.decode(W3CHttpResponseCodec.java:49)
	at org.openqa.selenium.remote.HttpCommandExecutor.execute(HttpCommandExecutor.java:158)
	at org.openqa.selenium.remote.service.DriverCommandExecutor.execute(DriverCommandExecutor.java:83)
	at org.openqa.selenium.remote.RemoteWebDriver.execute(RemoteWebDriver.java:548)
	at org.openqa.selenium.remote.RemoteWebDriver.findElement(RemoteWebDriver.java:322)
	at org.openqa.selenium.remote.RemoteWebDriver.findElementByXPath(RemoteWebDriver.java:424)
	at org.openqa.selenium.By$ByXPath.findElement(By.java:353)
	at org.openqa.selenium.remote.RemoteWebDriver.findElement(RemoteWebDriver.java:314)
	at org.openqa.selenium.support.events.EventFiringWebDriver.lambda$new$1(EventFiringWebDriver.java:105)
	at com.sun.proxy.$Proxy11.findElement(Unknown Source)
	at org.openqa.selenium.support.events.EventFiringWebDriver.findElement(EventFiringWebDriver.java:194)
	at qa.pages.Network_Page.DropDownMenuNavigation(Network_Page.java:203)
	at qa.testcases.Network_Test.verifyDropDownMenuNavigation(Network_Test.java:101)
	at java.base/java.util.ArrayList.forEach(ArrayList.java:1541)
... Removed 34 stack frames
</div> <!-- stack-trace -->
                </div> <!-- method-content -->
              </div> <!-- method -->
              <div class="method">
                <div class="method-content">
                  <a name="verifyDropDownTable">
                  </a> <!-- verifyDropDownTable -->
                  <span class="method-name">verifyDropDownTable</span>
                  <div class="stack-trace">org.openqa.selenium.ElementClickInterceptedException: element click intercepted: Element &lt;div tabindex=&quot;0&quot; role=&quot;button&quot; aria-expanded=&quot;false&quot; aria-haspopup=&quot;listbox&quot; aria-labelledby=&quot;mui-component-select-show&quot; id=&quot;mui-component-select-show&quot; class=&quot;MuiSelect-select MuiSelect-outlined MuiInputBase-input MuiOutlinedInput-input css-qiwgdb&quot;&gt;...&lt;/div&gt; is not clickable at point (310, 194). Other element would receive the click: &lt;div class=&quot;k-overlay&quot;&gt;&lt;/div&gt;
  (Session info: chrome=114.0.5735.90)
Build info: version: &apos;3.14.0&apos;, revision: &apos;aacccce0&apos;, time: &apos;2018-08-02T20:19:58.91Z&apos;
System info: host: &apos;PF3ZE9EW&apos;, ip: &apos;172.168.159.96&apos;, os.name: &apos;Windows 11&apos;, os.arch: &apos;amd64&apos;, os.version: &apos;10.0&apos;, java.version: &apos;11.0.17&apos;
Driver info: org.openqa.selenium.chrome.ChromeDriver
Capabilities {acceptInsecureCerts: false, browserName: chrome, browserVersion: 114.0.5735.90, chrome: {chromedriverVersion: 114.0.5735.16 (7e1ff058633f..., userDataDir: C:\Users\RAGHUN~1.G\AppData...}, goog:chromeOptions: {debuggerAddress: localhost:61600}, javascriptEnabled: true, networkConnectionEnabled: false, pageLoadStrategy: normal, platform: WINDOWS, platformName: WINDOWS, proxy: Proxy(), setWindowRect: true, strictFileInteractability: false, timeouts: {implicit: 0, pageLoad: 300000, script: 30000}, unhandledPromptBehavior: dismiss and notify, webauthn:extension:credBlob: true, webauthn:extension:largeBlob: true, webauthn:extension:minPinLength: true, webauthn:extension:prf: true, webauthn:virtualAuthenticators: true}
Session ID: f615f5ebe41d548cf1f0c95077062173
	at org.openqa.selenium.remote.http.W3CHttpResponseCodec.createException(W3CHttpResponseCodec.java:187)
	at org.openqa.selenium.remote.http.W3CHttpResponseCodec.decode(W3CHttpResponseCodec.java:122)
	at org.openqa.selenium.remote.http.W3CHttpResponseCodec.decode(W3CHttpResponseCodec.java:49)
	at org.openqa.selenium.remote.HttpCommandExecutor.execute(HttpCommandExecutor.java:158)
	at org.openqa.selenium.remote.service.DriverCommandExecutor.execute(DriverCommandExecutor.java:83)
	at org.openqa.selenium.remote.RemoteWebDriver.execute(RemoteWebDriver.java:548)
	at org.openqa.selenium.remote.RemoteWebElement.execute(RemoteWebElement.java:276)
	at org.openqa.selenium.remote.RemoteWebElement.click(RemoteWebElement.java:83)
	at org.openqa.selenium.support.events.EventFiringWebDriver$EventFiringWebElement.lambda$new$0(EventFiringWebDriver.java:403)
	at com.sun.proxy.$Proxy17.click(Unknown Source)
	at org.openqa.selenium.support.events.EventFiringWebDriver$EventFiringWebElement.click(EventFiringWebDriver.java:416)
	at org.openqa.selenium.support.pagefactory.internal.LocatingElementHandler.invoke(LocatingElementHandler.java:51)
	at com.sun.proxy.$Proxy15.click(Unknown Source)
	at qa.pages.Network_Page.verifyDropDownMenu(Network_Page.java:176)
	at qa.testcases.Network_Test.verifyDropDownTable(Network_Test.java:93)
	at java.base/java.util.ArrayList.forEach(ArrayList.java:1541)
... Removed 37 stack frames
</div> <!-- stack-trace -->
                </div> <!-- method-content -->
              </div> <!-- method -->
              <div class="method">
                <div class="method-content">
                  <a name="verifySearchFeature">
                  </a> <!-- verifySearchFeature -->
                  <span class="method-name">verifySearchFeature</span>
                  <div class="stack-trace">org.openqa.selenium.ElementClickInterceptedException: element click intercepted: Element &lt;button class=&quot;btn primary-button ml-5&quot; type=&quot;submit&quot;&gt;...&lt;/button&gt; is not clickable at point (1206, 194). Other element would receive the click: &lt;div class=&quot;k-overlay&quot;&gt;&lt;/div&gt;
  (Session info: chrome=114.0.5735.90)
Build info: version: &apos;3.14.0&apos;, revision: &apos;aacccce0&apos;, time: &apos;2018-08-02T20:19:58.91Z&apos;
System info: host: &apos;PF3ZE9EW&apos;, ip: &apos;172.168.159.96&apos;, os.name: &apos;Windows 11&apos;, os.arch: &apos;amd64&apos;, os.version: &apos;10.0&apos;, java.version: &apos;11.0.17&apos;
Driver info: org.openqa.selenium.chrome.ChromeDriver
Capabilities {acceptInsecureCerts: false, browserName: chrome, browserVersion: 114.0.5735.90, chrome: {chromedriverVersion: 114.0.5735.16 (7e1ff058633f..., userDataDir: C:\Users\RAGHUN~1.G\AppData...}, goog:chromeOptions: {debuggerAddress: localhost:61600}, javascriptEnabled: true, networkConnectionEnabled: false, pageLoadStrategy: normal, platform: WINDOWS, platformName: WINDOWS, proxy: Proxy(), setWindowRect: true, strictFileInteractability: false, timeouts: {implicit: 0, pageLoad: 300000, script: 30000}, unhandledPromptBehavior: dismiss and notify, webauthn:extension:credBlob: true, webauthn:extension:largeBlob: true, webauthn:extension:minPinLength: true, webauthn:extension:prf: true, webauthn:virtualAuthenticators: true}
Session ID: f615f5ebe41d548cf1f0c95077062173
	at org.openqa.selenium.remote.http.W3CHttpResponseCodec.createException(W3CHttpResponseCodec.java:187)
	at org.openqa.selenium.remote.http.W3CHttpResponseCodec.decode(W3CHttpResponseCodec.java:122)
	at org.openqa.selenium.remote.http.W3CHttpResponseCodec.decode(W3CHttpResponseCodec.java:49)
	at org.openqa.selenium.remote.HttpCommandExecutor.execute(HttpCommandExecutor.java:158)
	at org.openqa.selenium.remote.service.DriverCommandExecutor.execute(DriverCommandExecutor.java:83)
	at org.openqa.selenium.remote.RemoteWebDriver.execute(RemoteWebDriver.java:548)
	at org.openqa.selenium.remote.RemoteWebElement.execute(RemoteWebElement.java:276)
	at org.openqa.selenium.remote.RemoteWebElement.click(RemoteWebElement.java:83)
	at org.openqa.selenium.support.events.EventFiringWebDriver$EventFiringWebElement.lambda$new$0(EventFiringWebDriver.java:403)
	at com.sun.proxy.$Proxy17.click(Unknown Source)
	at org.openqa.selenium.support.events.EventFiringWebDriver$EventFiringWebElement.click(EventFiringWebDriver.java:416)
	at org.openqa.selenium.support.pagefactory.internal.LocatingElementHandler.invoke(LocatingElementHandler.java:51)
	at com.sun.proxy.$Proxy15.click(Unknown Source)
	at qa.pages.Network_Page.verifySearch(Network_Page.java:165)
	at qa.testcases.Network_Test.verifySearchFeature(Network_Test.java:84)
	at java.base/java.util.ArrayList.forEach(ArrayList.java:1541)
... Removed 37 stack frames
</div> <!-- stack-trace -->
                </div> <!-- method-content -->
              </div> <!-- method -->
            </div> <!-- main-panel-content rounded-window-bottom -->
          </div> <!-- suite-EDM_Web_Automation-class-failed -->
          <div class="suite-EDM_Web_Automation-class-failed">
            <div class="main-panel-header rounded-window-top">
              <img src="failed.png"/>
              <span class="class-name">qa.testcases.Mapping_Test</span>
            </div> <!-- main-panel-header rounded-window-top -->
            <div class="main-panel-content rounded-window-bottom">
              <div class="method">
                <div class="method-content">
                  <a name="csvDownloadTemplate">
                  </a> <!-- csvDownloadTemplate -->
                  <span class="method-name">csvDownloadTemplate</span>
                  <div class="stack-trace">org.openqa.selenium.NoSuchElementException: no such element: Unable to locate element: {&quot;method&quot;:&quot;xpath&quot;,&quot;selector&quot;:&quot;//button[@class=&apos;k-button k-button-md k-rounded-md k-button-solid k-button-solid-base download-template-button&apos;]&quot;}
  (Session info: chrome=114.0.5735.90)
For documentation on this error, please visit: http://seleniumhq.org/exceptions/no_such_element.html
Build info: version: &apos;3.14.0&apos;, revision: &apos;aacccce0&apos;, time: &apos;2018-08-02T20:19:58.91Z&apos;
System info: host: &apos;PF3ZE9EW&apos;, ip: &apos;172.168.159.96&apos;, os.name: &apos;Windows 11&apos;, os.arch: &apos;amd64&apos;, os.version: &apos;10.0&apos;, java.version: &apos;11.0.17&apos;
Driver info: org.openqa.selenium.chrome.ChromeDriver
Capabilities {acceptInsecureCerts: false, browserName: chrome, browserVersion: 114.0.5735.90, chrome: {chromedriverVersion: 114.0.5735.16 (7e1ff058633f..., userDataDir: C:\Users\RAGHUN~1.G\AppData...}, goog:chromeOptions: {debuggerAddress: localhost:61478}, javascriptEnabled: true, networkConnectionEnabled: false, pageLoadStrategy: normal, platform: WINDOWS, platformName: WINDOWS, proxy: Proxy(), setWindowRect: true, strictFileInteractability: false, timeouts: {implicit: 0, pageLoad: 300000, script: 30000}, unhandledPromptBehavior: dismiss and notify, webauthn:extension:credBlob: true, webauthn:extension:largeBlob: true, webauthn:extension:minPinLength: true, webauthn:extension:prf: true, webauthn:virtualAuthenticators: true}
Session ID: 5f74bf4636b2afd94afb8770c8bc019e
*** Element info: {Using=xpath, value=//button[@class=&apos;k-button k-button-md k-rounded-md k-button-solid k-button-solid-base download-template-button&apos;]}
	at org.openqa.selenium.remote.http.W3CHttpResponseCodec.createException(W3CHttpResponseCodec.java:187)
	at org.openqa.selenium.remote.http.W3CHttpResponseCodec.decode(W3CHttpResponseCodec.java:122)
	at org.openqa.selenium.remote.http.W3CHttpResponseCodec.decode(W3CHttpResponseCodec.java:49)
	at org.openqa.selenium.remote.HttpCommandExecutor.execute(HttpCommandExecutor.java:158)
	at org.openqa.selenium.remote.service.DriverCommandExecutor.execute(DriverCommandExecutor.java:83)
	at org.openqa.selenium.remote.RemoteWebDriver.execute(RemoteWebDriver.java:548)
	at org.openqa.selenium.remote.RemoteWebDriver.findElement(RemoteWebDriver.java:322)
	at org.openqa.selenium.remote.RemoteWebDriver.findElementByXPath(RemoteWebDriver.java:424)
	at org.openqa.selenium.By$ByXPath.findElement(By.java:353)
	at org.openqa.selenium.remote.RemoteWebDriver.findElement(RemoteWebDriver.java:314)
	at org.openqa.selenium.support.events.EventFiringWebDriver.lambda$new$1(EventFiringWebDriver.java:105)
	at com.sun.proxy.$Proxy11.findElement(Unknown Source)
	at org.openqa.selenium.support.events.EventFiringWebDriver.findElement(EventFiringWebDriver.java:194)
	at org.openqa.selenium.support.pagefactory.DefaultElementLocator.findElement(DefaultElementLocator.java:69)
	at org.openqa.selenium.support.pagefactory.internal.LocatingElementHandler.invoke(LocatingElementHandler.java:38)
	at com.sun.proxy.$Proxy15.click(Unknown Source)
	at qa.pages.Mapping_Page.verifyDownloadTemplateButton(Mapping_Page.java:159)
	at qa.testcases.Mapping_Test.csvDownloadTemplate(Mapping_Test.java:77)
	at java.base/java.util.ArrayList.forEach(ArrayList.java:1541)
... Removed 34 stack frames
</div> <!-- stack-trace -->
                </div> <!-- method-content -->
              </div> <!-- method -->
              <div class="method">
                <div class="method-content">
                  <a name="csvUploadAndDownload">
                  </a> <!-- csvUploadAndDownload -->
                  <span class="method-name">csvUploadAndDownload</span>
                  <div class="stack-trace">org.openqa.selenium.ElementClickInterceptedException: element click intercepted: Element &lt;button disabled=&quot;&quot; class=&quot;btn secondary-button ml-15&quot; type=&quot;button&quot;&gt;...&lt;/button&gt; is not clickable at point (929, 194). Other element would receive the click: &lt;div class=&quot;client-listing-toolbar-right&quot;&gt;...&lt;/div&gt;
  (Session info: chrome=114.0.5735.90)
Build info: version: &apos;3.14.0&apos;, revision: &apos;aacccce0&apos;, time: &apos;2018-08-02T20:19:58.91Z&apos;
System info: host: &apos;PF3ZE9EW&apos;, ip: &apos;172.168.159.96&apos;, os.name: &apos;Windows 11&apos;, os.arch: &apos;amd64&apos;, os.version: &apos;10.0&apos;, java.version: &apos;11.0.17&apos;
Driver info: org.openqa.selenium.chrome.ChromeDriver
Capabilities {acceptInsecureCerts: false, browserName: chrome, browserVersion: 114.0.5735.90, chrome: {chromedriverVersion: 114.0.5735.16 (7e1ff058633f..., userDataDir: C:\Users\RAGHUN~1.G\AppData...}, goog:chromeOptions: {debuggerAddress: localhost:61478}, javascriptEnabled: true, networkConnectionEnabled: false, pageLoadStrategy: normal, platform: WINDOWS, platformName: WINDOWS, proxy: Proxy(), setWindowRect: true, strictFileInteractability: false, timeouts: {implicit: 0, pageLoad: 300000, script: 30000}, unhandledPromptBehavior: dismiss and notify, webauthn:extension:credBlob: true, webauthn:extension:largeBlob: true, webauthn:extension:minPinLength: true, webauthn:extension:prf: true, webauthn:virtualAuthenticators: true}
Session ID: 5f74bf4636b2afd94afb8770c8bc019e
	at org.openqa.selenium.remote.http.W3CHttpResponseCodec.createException(W3CHttpResponseCodec.java:187)
	at org.openqa.selenium.remote.http.W3CHttpResponseCodec.decode(W3CHttpResponseCodec.java:122)
	at org.openqa.selenium.remote.http.W3CHttpResponseCodec.decode(W3CHttpResponseCodec.java:49)
	at org.openqa.selenium.remote.HttpCommandExecutor.execute(HttpCommandExecutor.java:158)
	at org.openqa.selenium.remote.service.DriverCommandExecutor.execute(DriverCommandExecutor.java:83)
	at org.openqa.selenium.remote.RemoteWebDriver.execute(RemoteWebDriver.java:548)
	at org.openqa.selenium.remote.RemoteWebElement.execute(RemoteWebElement.java:276)
	at org.openqa.selenium.remote.RemoteWebElement.click(RemoteWebElement.java:83)
	at org.openqa.selenium.support.events.EventFiringWebDriver$EventFiringWebElement.lambda$new$0(EventFiringWebDriver.java:403)
	at com.sun.proxy.$Proxy17.click(Unknown Source)
	at org.openqa.selenium.support.events.EventFiringWebDriver$EventFiringWebElement.click(EventFiringWebDriver.java:416)
	at org.openqa.selenium.support.pagefactory.internal.LocatingElementHandler.invoke(LocatingElementHandler.java:51)
	at com.sun.proxy.$Proxy15.click(Unknown Source)
	at qa.pages.Mapping_Page.verifycsvDownloadButton(Mapping_Page.java:103)
	at qa.testcases.Mapping_Test.csvUploadAndDownload(Mapping_Test.java:67)
	at java.base/java.util.ArrayList.forEach(ArrayList.java:1541)
... Removed 37 stack frames
</div> <!-- stack-trace -->
                </div> <!-- method-content -->
              </div> <!-- method -->
              <div class="method">
                <div class="method-content">
                  <a name="verifyDropDownMenuNavigation">
                  </a> <!-- verifyDropDownMenuNavigation -->
                  <span class="method-name">verifyDropDownMenuNavigation</span>
                  <div class="stack-trace">org.openqa.selenium.NoSuchElementException: no such element: Unable to locate element: {&quot;method&quot;:&quot;xpath&quot;,&quot;selector&quot;:&quot;(//li[@role=&apos;option&apos;])[1]&quot;}
  (Session info: chrome=114.0.5735.90)
For documentation on this error, please visit: http://seleniumhq.org/exceptions/no_such_element.html
Build info: version: &apos;3.14.0&apos;, revision: &apos;aacccce0&apos;, time: &apos;2018-08-02T20:19:58.91Z&apos;
System info: host: &apos;PF3ZE9EW&apos;, ip: &apos;172.168.159.96&apos;, os.name: &apos;Windows 11&apos;, os.arch: &apos;amd64&apos;, os.version: &apos;10.0&apos;, java.version: &apos;11.0.17&apos;
Driver info: org.openqa.selenium.chrome.ChromeDriver
Capabilities {acceptInsecureCerts: false, browserName: chrome, browserVersion: 114.0.5735.90, chrome: {chromedriverVersion: 114.0.5735.16 (7e1ff058633f..., userDataDir: C:\Users\RAGHUN~1.G\AppData...}, goog:chromeOptions: {debuggerAddress: localhost:61478}, javascriptEnabled: true, networkConnectionEnabled: false, pageLoadStrategy: normal, platform: WINDOWS, platformName: WINDOWS, proxy: Proxy(), setWindowRect: true, strictFileInteractability: false, timeouts: {implicit: 0, pageLoad: 300000, script: 30000}, unhandledPromptBehavior: dismiss and notify, webauthn:extension:credBlob: true, webauthn:extension:largeBlob: true, webauthn:extension:minPinLength: true, webauthn:extension:prf: true, webauthn:virtualAuthenticators: true}
Session ID: 5f74bf4636b2afd94afb8770c8bc019e
*** Element info: {Using=xpath, value=(//li[@role=&apos;option&apos;])[1]}
	at org.openqa.selenium.remote.http.W3CHttpResponseCodec.createException(W3CHttpResponseCodec.java:187)
	at org.openqa.selenium.remote.http.W3CHttpResponseCodec.decode(W3CHttpResponseCodec.java:122)
	at org.openqa.selenium.remote.http.W3CHttpResponseCodec.decode(W3CHttpResponseCodec.java:49)
	at org.openqa.selenium.remote.HttpCommandExecutor.execute(HttpCommandExecutor.java:158)
	at org.openqa.selenium.remote.service.DriverCommandExecutor.execute(DriverCommandExecutor.java:83)
	at org.openqa.selenium.remote.RemoteWebDriver.execute(RemoteWebDriver.java:548)
	at org.openqa.selenium.remote.RemoteWebDriver.findElement(RemoteWebDriver.java:322)
	at org.openqa.selenium.remote.RemoteWebDriver.findElementByXPath(RemoteWebDriver.java:424)
	at org.openqa.selenium.By$ByXPath.findElement(By.java:353)
	at org.openqa.selenium.remote.RemoteWebDriver.findElement(RemoteWebDriver.java:314)
	at org.openqa.selenium.support.events.EventFiringWebDriver.lambda$new$1(EventFiringWebDriver.java:105)
	at com.sun.proxy.$Proxy11.findElement(Unknown Source)
	at org.openqa.selenium.support.events.EventFiringWebDriver.findElement(EventFiringWebDriver.java:194)
	at qa.pages.Mapping_Page.DropDownMenuNavigation(Mapping_Page.java:203)
	at qa.testcases.Mapping_Test.verifyDropDownMenuNavigation(Mapping_Test.java:102)
	at java.base/java.util.ArrayList.forEach(ArrayList.java:1541)
... Removed 34 stack frames
</div> <!-- stack-trace -->
                </div> <!-- method-content -->
              </div> <!-- method -->
              <div class="method">
                <div class="method-content">
                  <a name="verifyDropDownTable">
                  </a> <!-- verifyDropDownTable -->
                  <span class="method-name">verifyDropDownTable</span>
                  <div class="stack-trace">org.openqa.selenium.ElementClickInterceptedException: element click intercepted: Element &lt;div tabindex=&quot;0&quot; role=&quot;button&quot; aria-expanded=&quot;false&quot; aria-haspopup=&quot;listbox&quot; aria-labelledby=&quot;mui-component-select-show&quot; id=&quot;mui-component-select-show&quot; class=&quot;MuiSelect-select MuiSelect-outlined MuiInputBase-input MuiOutlinedInput-input css-qiwgdb&quot;&gt;...&lt;/div&gt; is not clickable at point (310, 194). Other element would receive the click: &lt;div class=&quot;k-overlay&quot;&gt;&lt;/div&gt;
  (Session info: chrome=114.0.5735.90)
Build info: version: &apos;3.14.0&apos;, revision: &apos;aacccce0&apos;, time: &apos;2018-08-02T20:19:58.91Z&apos;
System info: host: &apos;PF3ZE9EW&apos;, ip: &apos;172.168.159.96&apos;, os.name: &apos;Windows 11&apos;, os.arch: &apos;amd64&apos;, os.version: &apos;10.0&apos;, java.version: &apos;11.0.17&apos;
Driver info: org.openqa.selenium.chrome.ChromeDriver
Capabilities {acceptInsecureCerts: false, browserName: chrome, browserVersion: 114.0.5735.90, chrome: {chromedriverVersion: 114.0.5735.16 (7e1ff058633f..., userDataDir: C:\Users\RAGHUN~1.G\AppData...}, goog:chromeOptions: {debuggerAddress: localhost:61478}, javascriptEnabled: true, networkConnectionEnabled: false, pageLoadStrategy: normal, platform: WINDOWS, platformName: WINDOWS, proxy: Proxy(), setWindowRect: true, strictFileInteractability: false, timeouts: {implicit: 0, pageLoad: 300000, script: 30000}, unhandledPromptBehavior: dismiss and notify, webauthn:extension:credBlob: true, webauthn:extension:largeBlob: true, webauthn:extension:minPinLength: true, webauthn:extension:prf: true, webauthn:virtualAuthenticators: true}
Session ID: 5f74bf4636b2afd94afb8770c8bc019e
	at org.openqa.selenium.remote.http.W3CHttpResponseCodec.createException(W3CHttpResponseCodec.java:187)
	at org.openqa.selenium.remote.http.W3CHttpResponseCodec.decode(W3CHttpResponseCodec.java:122)
	at org.openqa.selenium.remote.http.W3CHttpResponseCodec.decode(W3CHttpResponseCodec.java:49)
	at org.openqa.selenium.remote.HttpCommandExecutor.execute(HttpCommandExecutor.java:158)
	at org.openqa.selenium.remote.service.DriverCommandExecutor.execute(DriverCommandExecutor.java:83)
	at org.openqa.selenium.remote.RemoteWebDriver.execute(RemoteWebDriver.java:548)
	at org.openqa.selenium.remote.RemoteWebElement.execute(RemoteWebElement.java:276)
	at org.openqa.selenium.remote.RemoteWebElement.click(RemoteWebElement.java:83)
	at org.openqa.selenium.support.events.EventFiringWebDriver$EventFiringWebElement.lambda$new$0(EventFiringWebDriver.java:403)
	at com.sun.proxy.$Proxy17.click(Unknown Source)
	at org.openqa.selenium.support.events.EventFiringWebDriver$EventFiringWebElement.click(EventFiringWebDriver.java:416)
	at org.openqa.selenium.support.pagefactory.internal.LocatingElementHandler.invoke(LocatingElementHandler.java:51)
	at com.sun.proxy.$Proxy15.click(Unknown Source)
	at qa.pages.Mapping_Page.verifyDropDownMenu(Mapping_Page.java:176)
	at qa.testcases.Mapping_Test.verifyDropDownTable(Mapping_Test.java:94)
	at java.base/java.util.ArrayList.forEach(ArrayList.java:1541)
... Removed 37 stack frames
</div> <!-- stack-trace -->
                </div> <!-- method-content -->
              </div> <!-- method -->
              <div class="method">
                <div class="method-content">
                  <a name="verifySearchFeature">
                  </a> <!-- verifySearchFeature -->
                  <span class="method-name">verifySearchFeature</span>
                  <div class="stack-trace">org.openqa.selenium.ElementClickInterceptedException: element click intercepted: Element &lt;button class=&quot;btn primary-button ml-5&quot; type=&quot;submit&quot;&gt;...&lt;/button&gt; is not clickable at point (1206, 194). Other element would receive the click: &lt;div class=&quot;k-overlay&quot;&gt;&lt;/div&gt;
  (Session info: chrome=114.0.5735.90)
Build info: version: &apos;3.14.0&apos;, revision: &apos;aacccce0&apos;, time: &apos;2018-08-02T20:19:58.91Z&apos;
System info: host: &apos;PF3ZE9EW&apos;, ip: &apos;172.168.159.96&apos;, os.name: &apos;Windows 11&apos;, os.arch: &apos;amd64&apos;, os.version: &apos;10.0&apos;, java.version: &apos;11.0.17&apos;
Driver info: org.openqa.selenium.chrome.ChromeDriver
Capabilities {acceptInsecureCerts: false, browserName: chrome, browserVersion: 114.0.5735.90, chrome: {chromedriverVersion: 114.0.5735.16 (7e1ff058633f..., userDataDir: C:\Users\RAGHUN~1.G\AppData...}, goog:chromeOptions: {debuggerAddress: localhost:61478}, javascriptEnabled: true, networkConnectionEnabled: false, pageLoadStrategy: normal, platform: WINDOWS, platformName: WINDOWS, proxy: Proxy(), setWindowRect: true, strictFileInteractability: false, timeouts: {implicit: 0, pageLoad: 300000, script: 30000}, unhandledPromptBehavior: dismiss and notify, webauthn:extension:credBlob: true, webauthn:extension:largeBlob: true, webauthn:extension:minPinLength: true, webauthn:extension:prf: true, webauthn:virtualAuthenticators: true}
Session ID: 5f74bf4636b2afd94afb8770c8bc019e
	at org.openqa.selenium.remote.http.W3CHttpResponseCodec.createException(W3CHttpResponseCodec.java:187)
	at org.openqa.selenium.remote.http.W3CHttpResponseCodec.decode(W3CHttpResponseCodec.java:122)
	at org.openqa.selenium.remote.http.W3CHttpResponseCodec.decode(W3CHttpResponseCodec.java:49)
	at org.openqa.selenium.remote.HttpCommandExecutor.execute(HttpCommandExecutor.java:158)
	at org.openqa.selenium.remote.service.DriverCommandExecutor.execute(DriverCommandExecutor.java:83)
	at org.openqa.selenium.remote.RemoteWebDriver.execute(RemoteWebDriver.java:548)
	at org.openqa.selenium.remote.RemoteWebElement.execute(RemoteWebElement.java:276)
	at org.openqa.selenium.remote.RemoteWebElement.click(RemoteWebElement.java:83)
	at org.openqa.selenium.support.events.EventFiringWebDriver$EventFiringWebElement.lambda$new$0(EventFiringWebDriver.java:403)
	at com.sun.proxy.$Proxy17.click(Unknown Source)
	at org.openqa.selenium.support.events.EventFiringWebDriver$EventFiringWebElement.click(EventFiringWebDriver.java:416)
	at org.openqa.selenium.support.pagefactory.internal.LocatingElementHandler.invoke(LocatingElementHandler.java:51)
	at com.sun.proxy.$Proxy15.click(Unknown Source)
	at qa.pages.Mapping_Page.verifySearch(Mapping_Page.java:165)
	at qa.testcases.Mapping_Test.verifySearchFeature(Mapping_Test.java:85)
	at java.base/java.util.ArrayList.forEach(ArrayList.java:1541)
... Removed 37 stack frames
</div> <!-- stack-trace -->
                </div> <!-- method-content -->
              </div> <!-- method -->
              <div class="method">
                <div class="method-content">
                  <a name="verifypagination">
                  </a> <!-- verifypagination -->
                  <span class="method-name">verifypagination</span>
                  <div class="stack-trace">java.lang.StackOverflowError
	at org.openqa.selenium.WebDriverException.getDriverName(WebDriverException.java:164)
	at org.openqa.selenium.WebDriverException.getAdditionalInformation(WebDriverException.java:179)
	at org.openqa.selenium.WebDriverException.createMessage(WebDriverException.java:140)
	at org.openqa.selenium.WebDriverException.getMessage(WebDriverException.java:129)
	at java.base/java.lang.Throwable.getLocalizedMessage(Throwable.java:396)
	at java.base/java.lang.Throwable.toString(Throwable.java:485)
	at java.base/java.lang.String.valueOf(String.java:2951)
	at java.base/java.lang.StringBuilder.append(StringBuilder.java:173)
	at qa.util.WebEventListener.onException(WebEventListener.java:66)
	at org.openqa.selenium.support.events.EventFiringWebDriver.lambda$new$0(EventFiringWebDriver.java:84)
	at com.sun.proxy.$Proxy10.onException(Unknown Source)
	at org.openqa.selenium.support.events.EventFiringWebDriver.lambda$new$1(EventFiringWebDriver.java:107)
	at com.sun.proxy.$Proxy11.getScreenshotAs(Unknown Source)
	at org.openqa.selenium.support.events.EventFiringWebDriver.getScreenshotAs(EventFiringWebDriver.java:302)
	at qa.util.TestUtil.takeScreenshotAtEndOfTest(TestUtil.java:65)
	at qa.util.WebEventListener.onException(WebEventListener.java:68)
	at org.openqa.selenium.support.events.EventFiringWebDriver.lambda$new$0(EventFiringWebDriver.java:84)
	at com.sun.proxy.$Proxy10.onException(Unknown Source)
	at org.openqa.selenium.support.events.EventFiringWebDriver.lambda$new$1(EventFiringWebDriver.java:107)
	at com.sun.proxy.$Proxy11.getScreenshotAs(Unknown Source)
	at org.openqa.selenium.support.events.EventFiringWebDriver.getScreenshotAs(EventFiringWebDriver.java:302)
	at qa.util.TestUtil.takeScreenshotAtEndOfTest(TestUtil.java:65)
	at qa.util.WebEventListener.onException(WebEventListener.java:68)
	at org.openqa.selenium.support.events.EventFiringWebDriver.lambda$new$0(EventFiringWebDriver.java:84)
	at com.sun.proxy.$Proxy10.onException(Unknown Source)
	at org.openqa.selenium.support.events.EventFiringWebDriver.lambda$new$1(EventFiringWebDriver.java:107)
	at com.sun.proxy.$Proxy11.getScreenshotAs(Unknown Source)
	at org.openqa.selenium.support.events.EventFiringWebDriver.getScreenshotAs(EventFiringWebDriver.java:302)
	at qa.util.TestUtil.takeScreenshotAtEndOfTest(TestUtil.java:65)
	at qa.util.WebEventListener.onException(WebEventListener.java:68)
	at org.openqa.selenium.support.events.EventFiringWebDriver.lambda$new$0(EventFiringWebDriver.java:84)
	at com.sun.proxy.$Proxy10.onException(Unknown Source)
	at org.openqa.selenium.support.events.EventFiringWebDriver.lambda$new$1(EventFiringWebDriver.java:107)
	at com.sun.proxy.$Proxy11.getScreenshotAs(Unknown Source)
	at org.openqa.selenium.support.events.EventFiringWebDriver.getScreenshotAs(EventFiringWebDriver.java:302)
	at qa.util.TestUtil.takeScreenshotAtEndOfTest(TestUtil.java:65)
	at qa.util.WebEventListener.onException(WebEventListener.java:68)
	at org.openqa.selenium.support.events.EventFiringWebDriver.lambda$new$0(EventFiringWebDriver.java:84)
	at com.sun.proxy.$Proxy10.onException(Unknown Source)
	at org.openqa.selenium.support.events.EventFiringWebDriver.lambda$new$1(EventFiringWebDriver.java:107)
	at com.sun.proxy.$Proxy11.getScreenshotAs(Unknown Source)
	at org.openqa.selenium.support.events.EventFiringWebDriver.getScreenshotAs(EventFiringWebDriver.java:302)
	at qa.util.TestUtil.takeScreenshotAtEndOfTest(TestUtil.java:65)
	at qa.util.WebEventListener.onException(WebEventListener.java:68)
	at org.openqa.selenium.support.events.EventFiringWebDriver.lambda$new$0(EventFiringWebDriver.java:84)
	at com.sun.proxy.$Proxy10.onException(Unknown Source)
	at org.openqa.selenium.support.events.EventFiringWebDriver.lambda$new$1(EventFiringWebDriver.java:107)
	at com.sun.proxy.$Proxy11.getScreenshotAs(Unknown Source)
	at org.openqa.selenium.support.events.EventFiringWebDriver.getScreenshotAs(EventFiringWebDriver.java:302)
	at qa.util.TestUtil.takeScreenshotAtEndOfTest(TestUtil.java:65)
	at qa.util.WebEventListener.onException(WebEventListener.java:68)
	at org.openqa.selenium.support.events.EventFiringWebDriver.lambda$new$0(EventFiringWebDriver.java:84)
	at com.sun.proxy.$Proxy10.onException(Unknown Source)
	at org.openqa.selenium.support.events.EventFiringWebDriver.lambda$new$1(EventFiringWebDriver.java:107)
	at com.sun.proxy.$Proxy11.getScreenshotAs(Unknown Source)
	at org.openqa.selenium.support.events.EventFiringWebDriver.getScreenshotAs(EventFiringWebDriver.java:302)
	at qa.util.TestUtil.takeScreenshotAtEndOfTest(TestUtil.java:65)
	at qa.util.WebEventListener.onException(WebEventListener.java:68)
	at org.openqa.selenium.support.events.EventFiringWebDriver.lambda$new$0(EventFiringWebDriver.java:84)
	at com.sun.proxy.$Proxy10.onException(Unknown Source)
	at org.openqa.selenium.support.events.EventFiringWebDriver.lambda$new$1(EventFiringWebDriver.java:107)
	at com.sun.proxy.$Proxy11.getScreenshotAs(Unknown Source)
	at org.openqa.selenium.support.events.EventFiringWebDriver.getScreenshotAs(EventFiringWebDriver.java:302)
	at qa.util.TestUtil.takeScreenshotAtEndOfTest(TestUtil.java:65)
	at qa.util.WebEventListener.onException(WebEventListener.java:68)
	at org.openqa.selenium.support.events.EventFiringWebDriver.lambda$new$0(EventFiringWebDriver.java:84)
	at com.sun.proxy.$Proxy10.onException(Unknown Source)
	at org.openqa.selenium.support.events.EventFiringWebDriver.lambda$new$1(EventFiringWebDriver.java:107)
	at com.sun.proxy.$Proxy11.getScreenshotAs(Unknown Source)
	at org.openqa.selenium.support.events.EventFiringWebDriver.getScreenshotAs(EventFiringWebDriver.java:302)
	at qa.util.TestUtil.takeScreenshotAtEndOfTest(TestUtil.java:65)
	at qa.util.WebEventListener.onException(WebEventListener.java:68)
	at org.openqa.selenium.support.events.EventFiringWebDriver.lambda$new$0(EventFiringWebDriver.java:84)
	at com.sun.proxy.$Proxy10.onException(Unknown Source)
	at org.openqa.selenium.support.events.EventFiringWebDriver.lambda$new$1(EventFiringWebDriver.java:107)
	at com.sun.proxy.$Proxy11.getScreenshotAs(Unknown Source)
	at org.openqa.selenium.support.events.EventFiringWebDriver.getScreenshotAs(EventFiringWebDriver.java:302)
	at qa.util.TestUtil.takeScreenshotAtEndOfTest(TestUtil.java:65)
	at qa.util.WebEventListener.onException(WebEventListener.java:68)
	at org.openqa.selenium.support.events.EventFiringWebDriver.lambda$new$0(EventFiringWebDriver.java:84)
	at com.sun.proxy.$Proxy10.onException(Unknown Source)
	at org.openqa.selenium.support.events.EventFiringWebDriver.lambda$new$1(EventFiringWebDriver.java:107)
	at com.sun.proxy.$Proxy11.getScreenshotAs(Unknown Source)
	at org.openqa.selenium.support.events.EventFiringWebDriver.getScreenshotAs(EventFiringWebDriver.java:302)
	at qa.util.TestUtil.takeScreenshotAtEndOfTest(TestUtil.java:65)
	at qa.util.WebEventListener.onException(WebEventListener.java:68)
	at org.openqa.selenium.support.events.EventFiringWebDriver.lambda$new$0(EventFiringWebDriver.java:84)
	at com.sun.proxy.$Proxy10.onException(Unknown Source)
	at org.openqa.selenium.support.events.EventFiringWebDriver.lambda$new$1(EventFiringWebDriver.java:107)
	at com.sun.proxy.$Proxy11.getScreenshotAs(Unknown Source)
	at org.openqa.selenium.support.events.EventFiringWebDriver.getScreenshotAs(EventFiringWebDriver.java:302)
	at qa.util.TestUtil.takeScreenshotAtEndOfTest(TestUtil.java:65)
	at qa.util.WebEventListener.onException(WebEventListener.java:68)
	at org.openqa.selenium.support.events.EventFiringWebDriver.lambda$new$0(EventFiringWebDriver.java:84)
	at com.sun.proxy.$Proxy10.onException(Unknown Source)
	at org.openqa.selenium.support.events.EventFiringWebDriver.lambda$new$1(EventFiringWebDriver.java:107)
	at com.sun.proxy.$Proxy11.getScreenshotAs(Unknown Source)
	at org.openqa.selenium.support.events.EventFiringWebDriver.getScreenshotAs(EventFiringWebDriver.java:302)
	at qa.util.TestUtil.takeScreenshotAtEndOfTest(TestUtil.java:65)
	at qa.util.WebEventListener.onException(WebEventListener.java:68)
	at org.openqa.selenium.support.events.EventFiringWebDriver.lambda$new$0(EventFiringWebDriver.java:84)
	at com.sun.proxy.$Proxy10.onException(Unknown Source)
	at org.openqa.selenium.support.events.EventFiringWebDriver.lambda$new$1(EventFiringWebDriver.java:107)
	at com.sun.proxy.$Proxy11.getScreenshotAs(Unknown Source)
	at org.openqa.selenium.support.events.EventFiringWebDriver.getScreenshotAs(EventFiringWebDriver.java:302)
	at qa.util.TestUtil.takeScreenshotAtEndOfTest(TestUtil.java:65)
	at qa.util.WebEventListener.onException(WebEventListener.java:68)
	at org.openqa.selenium.support.events.EventFiringWebDriver.lambda$new$0(EventFiringWebDriver.java:84)
	at com.sun.proxy.$Proxy10.onException(Unknown Source)
	at org.openqa.selenium.support.events.EventFiringWebDriver.lambda$new$1(EventFiringWebDriver.java:107)
	at com.sun.proxy.$Proxy11.getScreenshotAs(Unknown Source)
	at org.openqa.selenium.support.events.EventFiringWebDriver.getScreenshotAs(EventFiringWebDriver.java:302)
	at qa.util.TestUtil.takeScreenshotAtEndOfTest(TestUtil.java:65)
	at qa.util.WebEventListener.onException(WebEventListener.java:68)
	at org.openqa.selenium.support.events.EventFiringWebDriver.lambda$new$0(EventFiringWebDriver.java:84)
	at com.sun.proxy.$Proxy10.onException(Unknown Source)
	at org.openqa.selenium.support.events.EventFiringWebDriver.lambda$new$1(EventFiringWebDriver.java:107)
	at com.sun.proxy.$Proxy11.getScreenshotAs(Unknown Source)
	at org.openqa.selenium.support.events.EventFiringWebDriver.getScreenshotAs(EventFiringWebDriver.java:302)
	at qa.util.TestUtil.takeScreenshotAtEndOfTest(TestUtil.java:65)
	at qa.util.WebEventListener.onException(WebEventListener.java:68)
	at org.openqa.selenium.support.events.EventFiringWebDriver.lambda$new$0(EventFiringWebDriver.java:84)
	at com.sun.proxy.$Proxy10.onException(Unknown Source)
	at org.openqa.selenium.support.events.EventFiringWebDriver.lambda$new$1(EventFiringWebDriver.java:107)
	at com.sun.proxy.$Proxy11.getScreenshotAs(Unknown Source)
	at org.openqa.selenium.support.events.EventFiringWebDriver.getScreenshotAs(EventFiringWebDriver.java:302)
	at qa.util.TestUtil.takeScreenshotAtEndOfTest(TestUtil.java:65)
	at qa.util.WebEventListener.onException(WebEventListener.java:68)
	at org.openqa.selenium.support.events.EventFiringWebDriver.lambda$new$0(EventFiringWebDriver.java:84)
	at com.sun.proxy.$Proxy10.onException(Unknown Source)
	at org.openqa.selenium.support.events.EventFiringWebDriver.lambda$new$1(EventFiringWebDriver.java:107)
	at com.sun.proxy.$Proxy11.getScreenshotAs(Unknown Source)
	at org.openqa.selenium.support.events.EventFiringWebDriver.getScreenshotAs(EventFiringWebDriver.java:302)
	at qa.util.TestUtil.takeScreenshotAtEndOfTest(TestUtil.java:65)
	at qa.util.WebEventListener.onException(WebEventListener.java:68)
	at org.openqa.selenium.support.events.EventFiringWebDriver.lambda$new$0(EventFiringWebDriver.java:84)
	at com.sun.proxy.$Proxy10.onException(Unknown Source)
	at org.openqa.selenium.support.events.EventFiringWebDriver.lambda$new$1(EventFiringWebDriver.java:107)
	at com.sun.proxy.$Proxy11.getScreenshotAs(Unknown Source)
	at org.openqa.selenium.support.events.EventFiringWebDriver.getScreenshotAs(EventFiringWebDriver.java:302)
	at qa.util.TestUtil.takeScreenshotAtEndOfTest(TestUtil.java:65)
	at qa.util.WebEventListener.onException(WebEventListener.java:68)
	at org.openqa.selenium.support.events.EventFiringWebDriver.lambda$new$0(EventFiringWebDriver.java:84)
	at com.sun.proxy.$Proxy10.onException(Unknown Source)
	at org.openqa.selenium.support.events.EventFiringWebDriver.lambda$new$1(EventFiringWebDriver.java:107)
	at com.sun.proxy.$Proxy11.getScreenshotAs(Unknown Source)
	at org.openqa.selenium.support.events.EventFiringWebDriver.getScreenshotAs(EventFiringWebDriver.java:302)
	at qa.util.TestUtil.takeScreenshotAtEndOfTest(TestUtil.java:65)
	at qa.util.WebEventListener.onException(WebEventListener.java:68)
	at org.openqa.selenium.support.events.EventFiringWebDriver.lambda$new$0(EventFiringWebDriver.java:84)
	at com.sun.proxy.$Proxy10.onException(Unknown Source)
	at org.openqa.selenium.support.events.EventFiringWebDriver.lambda$new$1(EventFiringWebDriver.java:107)
	at com.sun.proxy.$Proxy11.getScreenshotAs(Unknown Source)
	at org.openqa.selenium.support.events.EventFiringWebDriver.getScreenshotAs(EventFiringWebDriver.java:302)
	at qa.util.TestUtil.takeScreenshotAtEndOfTest(TestUtil.java:65)
	at qa.util.WebEventListener.onException(WebEventListener.java:68)
	at org.openqa.selenium.support.events.EventFiringWebDriver.lambda$new$0(EventFiringWebDriver.java:84)
	at com.sun.proxy.$Proxy10.onException(Unknown Source)
	at org.openqa.selenium.support.events.EventFiringWebDriver.lambda$new$1(EventFiringWebDriver.java:107)
	at com.sun.proxy.$Proxy11.getScreenshotAs(Unknown Source)
	at org.openqa.selenium.support.events.EventFiringWebDriver.getScreenshotAs(EventFiringWebDriver.java:302)
	at qa.util.TestUtil.takeScreenshotAtEndOfTest(TestUtil.java:65)
	at qa.util.WebEventListener.onException(WebEventListener.java:68)
	at org.openqa.selenium.support.events.EventFiringWebDriver.lambda$new$0(EventFiringWebDriver.java:84)
	at com.sun.proxy.$Proxy10.onException(Unknown Source)
	at org.openqa.selenium.support.events.EventFiringWebDriver.lambda$new$1(EventFiringWebDriver.java:107)
	at com.sun.proxy.$Proxy11.getScreenshotAs(Unknown Source)
	at org.openqa.selenium.support.events.EventFiringWebDriver.getScreenshotAs(EventFiringWebDriver.java:302)
	at qa.util.TestUtil.takeScreenshotAtEndOfTest(TestUtil.java:65)
	at qa.util.WebEventListener.onException(WebEventListener.java:68)
	at org.openqa.selenium.support.events.EventFiringWebDriver.lambda$new$0(EventFiringWebDriver.java:84)
	at com.sun.proxy.$Proxy10.onException(Unknown Source)
	at org.openqa.selenium.support.events.EventFiringWebDriver.lambda$new$1(EventFiringWebDriver.java:107)
	at com.sun.proxy.$Proxy11.getScreenshotAs(Unknown Source)
	at org.openqa.selenium.support.events.EventFiringWebDriver.getScreenshotAs(EventFiringWebDriver.java:302)
	at qa.util.TestUtil.takeScreenshotAtEndOfTest(TestUtil.java:65)
	at qa.util.WebEventListener.onException(WebEventListener.java:68)
	at org.openqa.selenium.support.events.EventFiringWebDriver.lambda$new$0(EventFiringWebDriver.java:84)
	at com.sun.proxy.$Proxy10.onException(Unknown Source)
	at org.openqa.selenium.support.events.EventFiringWebDriver.lambda$new$1(EventFiringWebDriver.java:107)
	at com.sun.proxy.$Proxy11.getScreenshotAs(Unknown Source)
	at org.openqa.selenium.support.events.EventFiringWebDriver.getScreenshotAs(EventFiringWebDriver.java:302)
	at qa.util.TestUtil.takeScreenshotAtEndOfTest(TestUtil.java:65)
	at qa.util.WebEventListener.onException(WebEventListener.java:68)
	at org.openqa.selenium.support.events.EventFiringWebDriver.lambda$new$0(EventFiringWebDriver.java:84)
	at com.sun.proxy.$Proxy10.onException(Unknown Source)
	at org.openqa.selenium.support.events.EventFiringWebDriver.lambda$new$1(EventFiringWebDriver.java:107)
	at com.sun.proxy.$Proxy11.getScreenshotAs(Unknown Source)
	at org.openqa.selenium.support.events.EventFiringWebDriver.getScreenshotAs(EventFiringWebDriver.java:302)
	at qa.util.TestUtil.takeScreenshotAtEndOfTest(TestUtil.java:65)
	at qa.util.WebEventListener.onException(WebEventListener.java:68)
	at org.openqa.selenium.support.events.EventFiringWebDriver.lambda$new$0(EventFiringWebDriver.java:84)
	at com.sun.proxy.$Proxy10.onException(Unknown Source)
	at org.openqa.selenium.support.events.EventFiringWebDriver.lambda$new$1(EventFiringWebDriver.java:107)
	at com.sun.proxy.$Proxy11.getScreenshotAs(Unknown Source)
	at org.openqa.selenium.support.events.EventFiringWebDriver.getScreenshotAs(EventFiringWebDriver.java:302)
	at qa.util.TestUtil.takeScreenshotAtEndOfTest(TestUtil.java:65)
	at qa.util.WebEventListener.onException(WebEventListener.java:68)
	at org.openqa.selenium.support.events.EventFiringWebDriver.lambda$new$0(EventFiringWebDriver.java:84)
	at com.sun.proxy.$Proxy10.onException(Unknown Source)
	at org.openqa.selenium.support.events.EventFiringWebDriver.lambda$new$1(EventFiringWebDriver.java:107)
	at com.sun.proxy.$Proxy11.getScreenshotAs(Unknown Source)
	at org.openqa.selenium.support.events.EventFiringWebDriver.getScreenshotAs(EventFiringWebDriver.java:302)
	at qa.util.TestUtil.takeScreenshotAtEndOfTest(TestUtil.java:65)
	at qa.util.WebEventListener.onException(WebEventListener.java:68)
	at org.openqa.selenium.support.events.EventFiringWebDriver.lambda$new$0(EventFiringWebDriver.java:84)
	at com.sun.proxy.$Proxy10.onException(Unknown Source)
	at org.openqa.selenium.support.events.EventFiringWebDriver.lambda$new$1(EventFiringWebDriver.java:107)
	at com.sun.proxy.$Proxy11.getScreenshotAs(Unknown Source)
	at org.openqa.selenium.support.events.EventFiringWebDriver.getScreenshotAs(EventFiringWebDriver.java:302)
	at qa.util.TestUtil.takeScreenshotAtEndOfTest(TestUtil.java:65)
	at qa.util.WebEventListener.onException(WebEventListener.java:68)
	at org.openqa.selenium.support.events.EventFiringWebDriver.lambda$new$0(EventFiringWebDriver.java:84)
	at com.sun.proxy.$Proxy10.onException(Unknown Source)
	at org.openqa.selenium.support.events.EventFiringWebDriver.lambda$new$1(EventFiringWebDriver.java:107)
	at com.sun.proxy.$Proxy11.getScreenshotAs(Unknown Source)
	at org.openqa.selenium.support.events.EventFiringWebDriver.getScreenshotAs(EventFiringWebDriver.java:302)
	at qa.util.TestUtil.takeScreenshotAtEndOfTest(TestUtil.java:65)
	at qa.util.WebEventListener.onException(WebEventListener.java:68)
	at org.openqa.selenium.support.events.EventFiringWebDriver.lambda$new$0(EventFiringWebDriver.java:84)
	at com.sun.proxy.$Proxy10.onException(Unknown Source)
	at org.openqa.selenium.support.events.EventFiringWebDriver.lambda$new$1(EventFiringWebDriver.java:107)
	at com.sun.proxy.$Proxy11.getScreenshotAs(Unknown Source)
	at org.openqa.selenium.support.events.EventFiringWebDriver.getScreenshotAs(EventFiringWebDriver.java:302)
	at qa.util.TestUtil.takeScreenshotAtEndOfTest(TestUtil.java:65)
	at qa.util.WebEventListener.onException(WebEventListener.java:68)
	at org.openqa.selenium.support.events.EventFiringWebDriver.lambda$new$0(EventFiringWebDriver.java:84)
	at com.sun.proxy.$Proxy10.onException(Unknown Source)
	at org.openqa.selenium.support.events.EventFiringWebDriver.lambda$new$1(EventFiringWebDriver.java:107)
	at com.sun.proxy.$Proxy11.getScreenshotAs(Unknown Source)
	at org.openqa.selenium.support.events.EventFiringWebDriver.getScreenshotAs(EventFiringWebDriver.java:302)
	at qa.util.TestUtil.takeScreenshotAtEndOfTest(TestUtil.java:65)
	at qa.util.WebEventListener.onException(WebEventListener.java:68)
	at org.openqa.selenium.support.events.EventFiringWebDriver.lambda$new$0(EventFiringWebDriver.java:84)
	at com.sun.proxy.$Proxy10.onException(Unknown Source)
	at org.openqa.selenium.support.events.EventFiringWebDriver.lambda$new$1(EventFiringWebDriver.java:107)
	at com.sun.proxy.$Proxy11.getScreenshotAs(Unknown Source)
	at org.openqa.selenium.support.events.EventFiringWebDriver.getScreenshotAs(EventFiringWebDriver.java:302)
	at qa.util.TestUtil.takeScreenshotAtEndOfTest(TestUtil.java:65)
	at qa.util.WebEventListener.onException(WebEventListener.java:68)
	at org.openqa.selenium.support.events.EventFiringWebDriver.lambda$new$0(EventFiringWebDriver.java:84)
	at com.sun.proxy.$Proxy10.onException(Unknown Source)
	at org.openqa.selenium.support.events.EventFiringWebDriver.lambda$new$1(EventFiringWebDriver.java:107)
	at com.sun.proxy.$Proxy11.getScreenshotAs(Unknown Source)
	at org.openqa.selenium.support.events.EventFiringWebDriver.getScreenshotAs(EventFiringWebDriver.java:302)
	at qa.util.TestUtil.takeScreenshotAtEndOfTest(TestUtil.java:65)
	at qa.util.WebEventListener.onException(WebEventListener.java:68)
	at org.openqa.selenium.support.events.EventFiringWebDriver.lambda$new$0(EventFiringWebDriver.java:84)
	at com.sun.proxy.$Proxy10.onException(Unknown Source)
	at org.openqa.selenium.support.events.EventFiringWebDriver.lambda$new$1(EventFiringWebDriver.java:107)
	at com.sun.proxy.$Proxy11.getScreenshotAs(Unknown Source)
	at org.openqa.selenium.support.events.EventFiringWebDriver.getScreenshotAs(EventFiringWebDriver.java:302)
	at qa.util.TestUtil.takeScreenshotAtEndOfTest(TestUtil.java:65)
	at qa.util.WebEventListener.onException(WebEventListener.java:68)
	at org.openqa.selenium.support.events.EventFiringWebDriver.lambda$new$0(EventFiringWebDriver.java:84)
	at com.sun.proxy.$Proxy10.onException(Unknown Source)
	at org.openqa.selenium.support.events.EventFiringWebDriver.lambda$new$1(EventFiringWebDriver.java:107)
	at com.sun.proxy.$Proxy11.getScreenshotAs(Unknown Source)
	at org.openqa.selenium.support.events.EventFiringWebDriver.getScreenshotAs(EventFiringWebDriver.java:302)
	at qa.util.TestUtil.takeScreenshotAtEndOfTest(TestUtil.java:65)
	at qa.util.WebEventListener.onException(WebEventListener.java:68)
	at org.openqa.selenium.support.events.EventFiringWebDriver.lambda$new$0(EventFiringWebDriver.java:84)
	at com.sun.proxy.$Proxy10.onException(Unknown Source)
	at org.openqa.selenium.support.events.EventFiringWebDriver.lambda$new$1(EventFiringWebDriver.java:107)
	at com.sun.proxy.$Proxy11.getScreenshotAs(Unknown Source)
	at org.openqa.selenium.support.events.EventFiringWebDriver.getScreenshotAs(EventFiringWebDriver.java:302)
	at qa.util.TestUtil.takeScreenshotAtEndOfTest(TestUtil.java:65)
	at qa.util.WebEventListener.onException(WebEventListener.java:68)
	at org.openqa.selenium.support.events.EventFiringWebDriver.lambda$new$0(EventFiringWebDriver.java:84)
	at com.sun.proxy.$Proxy10.onException(Unknown Source)
	at org.openqa.selenium.support.events.EventFiringWebDriver.lambda$new$1(EventFiringWebDriver.java:107)
	at com.sun.proxy.$Proxy11.getScreenshotAs(Unknown Source)
	at org.openqa.selenium.support.events.EventFiringWebDriver.getScreenshotAs(EventFiringWebDriver.java:302)
	at qa.util.TestUtil.takeScreenshotAtEndOfTest(TestUtil.java:65)
	at qa.util.WebEventListener.onException(WebEventListener.java:68)
	at org.openqa.selenium.support.events.EventFiringWebDriver.lambda$new$0(EventFiringWebDriver.java:84)
	at com.sun.proxy.$Proxy10.onException(Unknown Source)
	at org.openqa.selenium.support.events.EventFiringWebDriver.lambda$new$1(EventFiringWebDriver.java:107)
	at com.sun.proxy.$Proxy11.getScreenshotAs(Unknown Source)
	at org.openqa.selenium.support.events.EventFiringWebDriver.getScreenshotAs(EventFiringWebDriver.java:302)
	at qa.util.TestUtil.takeScreenshotAtEndOfTest(TestUtil.java:65)
	at qa.util.WebEventListener.onException(WebEventListener.java:68)
	at org.openqa.selenium.support.events.EventFiringWebDriver.lambda$new$0(EventFiringWebDriver.java:84)
	at com.sun.proxy.$Proxy10.onException(Unknown Source)
	at org.openqa.selenium.support.events.EventFiringWebDriver.lambda$new$1(EventFiringWebDriver.java:107)
	at com.sun.proxy.$Proxy11.getScreenshotAs(Unknown Source)
	at org.openqa.selenium.support.events.EventFiringWebDriver.getScreenshotAs(EventFiringWebDriver.java:302)
	at qa.util.TestUtil.takeScreenshotAtEndOfTest(TestUtil.java:65)
	at qa.util.WebEventListener.onException(WebEventListener.java:68)
	at org.openqa.selenium.support.events.EventFiringWebDriver.lambda$new$0(EventFiringWebDriver.java:84)
	at com.sun.proxy.$Proxy10.onException(Unknown Source)
	at org.openqa.selenium.support.events.EventFiringWebDriver.lambda$new$1(EventFiringWebDriver.java:107)
	at com.sun.proxy.$Proxy11.getScreenshotAs(Unknown Source)
	at org.openqa.selenium.support.events.EventFiringWebDriver.getScreenshotAs(EventFiringWebDriver.java:302)
	at qa.util.TestUtil.takeScreenshotAtEndOfTest(TestUtil.java:65)
	at qa.util.WebEventListener.onException(WebEventListener.java:68)
	at org.openqa.selenium.support.events.EventFiringWebDriver.lambda$new$0(EventFiringWebDriver.java:84)
	at com.sun.proxy.$Proxy10.onException(Unknown Source)
	at org.openqa.selenium.support.events.EventFiringWebDriver.lambda$new$1(EventFiringWebDriver.java:107)
	at com.sun.proxy.$Proxy11.getScreenshotAs(Unknown Source)
	at org.openqa.selenium.support.events.EventFiringWebDriver.getScreenshotAs(EventFiringWebDriver.java:302)
	at qa.util.TestUtil.takeScreenshotAtEndOfTest(TestUtil.java:65)
	at qa.util.WebEventListener.onException(WebEventListener.java:68)
	at org.openqa.selenium.support.events.EventFiringWebDriver.lambda$new$0(EventFiringWebDriver.java:84)
	at com.sun.proxy.$Proxy10.onException(Unknown Source)
	at org.openqa.selenium.support.events.EventFiringWebDriver.lambda$new$1(EventFiringWebDriver.java:107)
	at com.sun.proxy.$Proxy11.getScreenshotAs(Unknown Source)
	at org.openqa.selenium.support.events.EventFiringWebDriver.getScreenshotAs(EventFiringWebDriver.java:302)
	at qa.util.TestUtil.takeScreenshotAtEndOfTest(TestUtil.java:65)
	at qa.util.WebEventListener.onException(WebEventListener.java:68)
	at org.openqa.selenium.support.events.EventFiringWebDriver.lambda$new$0(EventFiringWebDriver.java:84)
	at com.sun.proxy.$Proxy10.onException(Unknown Source)
	at org.openqa.selenium.support.events.EventFiringWebDriver.lambda$new$1(EventFiringWebDriver.java:107)
	at com.sun.proxy.$Proxy11.getScreenshotAs(Unknown Source)
	at org.openqa.selenium.support.events.EventFiringWebDriver.getScreenshotAs(EventFiringWebDriver.java:302)
	at qa.util.TestUtil.takeScreenshotAtEndOfTest(TestUtil.java:65)
	at qa.util.WebEventListener.onException(WebEventListener.java:68)
	at org.openqa.selenium.support.events.EventFiringWebDriver.lambda$new$0(EventFiringWebDriver.java:84)
	at com.sun.proxy.$Proxy10.onException(Unknown Source)
	at org.openqa.selenium.support.events.EventFiringWebDriver.lambda$new$1(EventFiringWebDriver.java:107)
	at com.sun.proxy.$Proxy11.getScreenshotAs(Unknown Source)
	at org.openqa.selenium.support.events.EventFiringWebDriver.getScreenshotAs(EventFiringWebDriver.java:302)
	at qa.util.TestUtil.takeScreenshotAtEndOfTest(TestUtil.java:65)
	at qa.util.WebEventListener.onException(WebEventListener.java:68)
	at org.openqa.selenium.support.events.EventFiringWebDriver.lambda$new$0(EventFiringWebDriver.java:84)
	at com.sun.proxy.$Proxy10.onException(Unknown Source)
	at org.openqa.selenium.support.events.EventFiringWebDriver.lambda$new$1(EventFiringWebDriver.java:107)
	at com.sun.proxy.$Proxy11.getScreenshotAs(Unknown Source)
	at org.openqa.selenium.support.events.EventFiringWebDriver.getScreenshotAs(EventFiringWebDriver.java:302)
	at qa.util.TestUtil.takeScreenshotAtEndOfTest(TestUtil.java:65)
	at qa.util.WebEventListener.onException(WebEventListener.java:68)
	at org.openqa.selenium.support.events.EventFiringWebDriver.lambda$new$0(EventFiringWebDriver.java:84)
	at com.sun.proxy.$Proxy10.onException(Unknown Source)
	at org.openqa.selenium.support.events.EventFiringWebDriver.lambda$new$1(EventFiringWebDriver.java:107)
	at com.sun.proxy.$Proxy11.getScreenshotAs(Unknown Source)
	at org.openqa.selenium.support.events.EventFiringWebDriver.getScreenshotAs(EventFiringWebDriver.java:302)
	at qa.util.TestUtil.takeScreenshotAtEndOfTest(TestUtil.java:65)
	at qa.util.WebEventListener.onException(WebEventListener.java:68)
	at org.openqa.selenium.support.events.EventFiringWebDriver.lambda$new$0(EventFiringWebDriver.java:84)
	at com.sun.proxy.$Proxy10.onException(Unknown Source)
	at org.openqa.selenium.support.events.EventFiringWebDriver.lambda$new$1(EventFiringWebDriver.java:107)
	at com.sun.proxy.$Proxy11.getScreenshotAs(Unknown Source)
	at org.openqa.selenium.support.events.EventFiringWebDriver.getScreenshotAs(EventFiringWebDriver.java:302)
	at qa.util.TestUtil.takeScreenshotAtEndOfTest(TestUtil.java:65)
	at qa.util.WebEventListener.onException(WebEventListener.java:68)
	at org.openqa.selenium.support.events.EventFiringWebDriver.lambda$new$0(EventFiringWebDriver.java:84)
	at com.sun.proxy.$Proxy10.onException(Unknown Source)
	at org.openqa.selenium.support.events.EventFiringWebDriver.lambda$new$1(EventFiringWebDriver.java:107)
	at com.sun.proxy.$Proxy11.getScreenshotAs(Unknown Source)
	at org.openqa.selenium.support.events.EventFiringWebDriver.getScreenshotAs(EventFiringWebDriver.java:302)
	at qa.util.TestUtil.takeScreenshotAtEndOfTest(TestUtil.java:65)
	at qa.util.WebEventListener.onException(WebEventListener.java:68)
	at org.openqa.selenium.support.events.EventFiringWebDriver.lambda$new$0(EventFiringWebDriver.java:84)
	at com.sun.proxy.$Proxy10.onException(Unknown Source)
	at org.openqa.selenium.support.events.EventFiringWebDriver.lambda$new$1(EventFiringWebDriver.java:107)
	at com.sun.proxy.$Proxy11.getScreenshotAs(Unknown Source)
	at org.openqa.selenium.support.events.EventFiringWebDriver.getScreenshotAs(EventFiringWebDriver.java:302)
	at qa.util.TestUtil.takeScreenshotAtEndOfTest(TestUtil.java:65)
	at qa.util.WebEventListener.onException(WebEventListener.java:68)
	at org.openqa.selenium.support.events.EventFiringWebDriver.lambda$new$0(EventFiringWebDriver.java:84)
	at com.sun.proxy.$Proxy10.onException(Unknown Source)
	at org.openqa.selenium.support.events.EventFiringWebDriver.lambda$new$1(EventFiringWebDriver.java:107)
	at com.sun.proxy.$Proxy11.getScreenshotAs(Unknown Source)
	at org.openqa.selenium.support.events.EventFiringWebDriver.getScreenshotAs(EventFiringWebDriver.java:302)
	at qa.util.TestUtil.takeScreenshotAtEndOfTest(TestUtil.java:65)
	at qa.util.WebEventListener.onException(WebEventListener.java:68)
	at org.openqa.selenium.support.events.EventFiringWebDriver.lambda$new$0(EventFiringWebDriver.java:84)
	at com.sun.proxy.$Proxy10.onException(Unknown Source)
	at org.openqa.selenium.support.events.EventFiringWebDriver.lambda$new$1(EventFiringWebDriver.java:107)
	at com.sun.proxy.$Proxy11.getScreenshotAs(Unknown Source)
	at org.openqa.selenium.support.events.EventFiringWebDriver.getScreenshotAs(EventFiringWebDriver.java:302)
	at qa.util.TestUtil.takeScreenshotAtEndOfTest(TestUtil.java:65)
	at qa.util.WebEventListener.onException(WebEventListener.java:68)
	at org.openqa.selenium.support.events.EventFiringWebDriver.lambda$new$0(EventFiringWebDriver.java:84)
	at com.sun.proxy.$Proxy10.onException(Unknown Source)
	at org.openqa.selenium.support.events.EventFiringWebDriver.lambda$new$1(EventFiringWebDriver.java:107)
	at com.sun.proxy.$Proxy11.getScreenshotAs(Unknown Source)
	at org.openqa.selenium.support.events.EventFiringWebDriver.getScreenshotAs(EventFiringWebDriver.java:302)
	at qa.util.TestUtil.takeScreenshotAtEndOfTest(TestUtil.java:65)
	at qa.util.WebEventListener.onException(WebEventListener.java:68)
	at org.openqa.selenium.support.events.EventFiringWebDriver.lambda$new$0(EventFiringWebDriver.java:84)
	at com.sun.proxy.$Proxy10.onException(Unknown Source)
	at org.openqa.selenium.support.events.EventFiringWebDriver.lambda$new$1(EventFiringWebDriver.java:107)
	at com.sun.proxy.$Proxy11.getScreenshotAs(Unknown Source)
	at org.openqa.selenium.support.events.EventFiringWebDriver.getScreenshotAs(EventFiringWebDriver.java:302)
	at qa.util.TestUtil.takeScreenshotAtEndOfTest(TestUtil.java:65)
	at qa.util.WebEventListener.onException(WebEventListener.java:68)
	at org.openqa.selenium.support.events.EventFiringWebDriver.lambda$new$0(EventFiringWebDriver.java:84)
	at com.sun.proxy.$Proxy10.onException(Unknown Source)
	at org.openqa.selenium.support.events.EventFiringWebDriver.lambda$new$1(EventFiringWebDriver.java:107)
	at com.sun.proxy.$Proxy11.getScreenshotAs(Unknown Source)
	at org.openqa.selenium.support.events.EventFiringWebDriver.getScreenshotAs(EventFiringWebDriver.java:302)
	at qa.util.TestUtil.takeScreenshotAtEndOfTest(TestUtil.java:65)
	at qa.util.WebEventListener.onException(WebEventListener.java:68)
	at org.openqa.selenium.support.events.EventFiringWebDriver.lambda$new$0(EventFiringWebDriver.java:84)
	at com.sun.proxy.$Proxy10.onException(Unknown Source)
	at org.openqa.selenium.support.events.EventFiringWebDriver.lambda$new$1(EventFiringWebDriver.java:107)
	at com.sun.proxy.$Proxy11.getScreenshotAs(Unknown Source)
	at org.openqa.selenium.support.events.EventFiringWebDriver.getScreenshotAs(EventFiringWebDriver.java:302)
	at qa.util.TestUtil.takeScreenshotAtEndOfTest(TestUtil.java:65)
	at qa.util.WebEventListener.onException(WebEventListener.java:68)
	at org.openqa.selenium.support.events.EventFiringWebDriver.lambda$new$0(EventFiringWebDriver.java:84)
	at com.sun.proxy.$Proxy10.onException(Unknown Source)
	at org.openqa.selenium.support.events.EventFiringWebDriver.lambda$new$1(EventFiringWebDriver.java:107)
	at com.sun.proxy.$Proxy11.getScreenshotAs(Unknown Source)
	at org.openqa.selenium.support.events.EventFiringWebDriver.getScreenshotAs(EventFiringWebDriver.java:302)
	at qa.util.TestUtil.takeScreenshotAtEndOfTest(TestUtil.java:65)
	at qa.util.WebEventListener.onException(WebEventListener.java:68)
	at org.openqa.selenium.support.events.EventFiringWebDriver.lambda$new$0(EventFiringWebDriver.java:84)
	at com.sun.proxy.$Proxy10.onException(Unknown Source)
	at org.openqa.selenium.support.events.EventFiringWebDriver.lambda$new$1(EventFiringWebDriver.java:107)
	at com.sun.proxy.$Proxy11.getScreenshotAs(Unknown Source)
	at org.openqa.selenium.support.events.EventFiringWebDriver.getScreenshotAs(EventFiringWebDriver.java:302)
	at qa.util.TestUtil.takeScreenshotAtEndOfTest(TestUtil.java:65)
	at qa.util.WebEventListener.onException(WebEventListener.java:68)
	at org.openqa.selenium.support.events.EventFiringWebDriver.lambda$new$0(EventFiringWebDriver.java:84)
	at com.sun.proxy.$Proxy10.onException(Unknown Source)
	at org.openqa.selenium.support.events.EventFiringWebDriver.lambda$new$1(EventFiringWebDriver.java:107)
	at com.sun.proxy.$Proxy11.getScreenshotAs(Unknown Source)
	at org.openqa.selenium.support.events.EventFiringWebDriver.getScreenshotAs(EventFiringWebDriver.java:302)
	at qa.util.TestUtil.takeScreenshotAtEndOfTest(TestUtil.java:65)
	at qa.util.WebEventListener.onException(WebEventListener.java:68)
	at org.openqa.selenium.support.events.EventFiringWebDriver.lambda$new$0(EventFiringWebDriver.java:84)
	at com.sun.proxy.$Proxy10.onException(Unknown Source)
	at org.openqa.selenium.support.events.EventFiringWebDriver.lambda$new$1(EventFiringWebDriver.java:107)
	at com.sun.proxy.$Proxy11.getScreenshotAs(Unknown Source)
	at org.openqa.selenium.support.events.EventFiringWebDriver.getScreenshotAs(EventFiringWebDriver.java:302)
	at qa.util.TestUtil.takeScreenshotAtEndOfTest(TestUtil.java:65)
	at qa.util.WebEventListener.onException(WebEventListener.java:68)
	at org.openqa.selenium.support.events.EventFiringWebDriver.lambda$new$0(EventFiringWebDriver.java:84)
	at com.sun.proxy.$Proxy10.onException(Unknown Source)
	at org.openqa.selenium.support.events.EventFiringWebDriver.lambda$new$1(EventFiringWebDriver.java:107)
	at com.sun.proxy.$Proxy11.getScreenshotAs(Unknown Source)
	at org.openqa.selenium.support.events.EventFiringWebDriver.getScreenshotAs(EventFiringWebDriver.java:302)
	at qa.util.TestUtil.takeScreenshotAtEndOfTest(TestUtil.java:65)
	at qa.util.WebEventListener.onException(WebEventListener.java:68)
	at org.openqa.selenium.support.events.EventFiringWebDriver.lambda$new$0(EventFiringWebDriver.java:84)
	at com.sun.proxy.$Proxy10.onException(Unknown Source)
	at org.openqa.selenium.support.events.EventFiringWebDriver.lambda$new$1(EventFiringWebDriver.java:107)
	at com.sun.proxy.$Proxy11.getScreenshotAs(Unknown Source)
	at org.openqa.selenium.support.events.EventFiringWebDriver.getScreenshotAs(EventFiringWebDriver.java:302)
	at qa.util.TestUtil.takeScreenshotAtEndOfTest(TestUtil.java:65)
	at qa.util.WebEventListener.onException(WebEventListener.java:68)
	at org.openqa.selenium.support.events.EventFiringWebDriver.lambda$new$0(EventFiringWebDriver.java:84)
	at com.sun.proxy.$Proxy10.onException(Unknown Source)
	at org.openqa.selenium.support.events.EventFiringWebDriver.lambda$new$1(EventFiringWebDriver.java:107)
	at com.sun.proxy.$Proxy11.getScreenshotAs(Unknown Source)
	at org.openqa.selenium.support.events.EventFiringWebDriver.getScreenshotAs(EventFiringWebDriver.java:302)
	at qa.util.TestUtil.takeScreenshotAtEndOfTest(TestUtil.java:65)
	at qa.util.WebEventListener.onException(WebEventListener.java:68)
	at org.openqa.selenium.support.events.EventFiringWebDriver.lambda$new$0(EventFiringWebDriver.java:84)
	at com.sun.proxy.$Proxy10.onException(Unknown Source)
	at org.openqa.selenium.support.events.EventFiringWebDriver.lambda$new$1(EventFiringWebDriver.java:107)
	at com.sun.proxy.$Proxy11.getScreenshotAs(Unknown Source)
	at org.openqa.selenium.support.events.EventFiringWebDriver.getScreenshotAs(EventFiringWebDriver.java:302)
	at qa.util.TestUtil.takeScreenshotAtEndOfTest(TestUtil.java:65)
	at qa.util.WebEventListener.onException(WebEventListener.java:68)
	at org.openqa.selenium.support.events.EventFiringWebDriver.lambda$new$0(EventFiringWebDriver.java:84)
	at com.sun.proxy.$Proxy10.onException(Unknown Source)
	at org.openqa.selenium.support.events.EventFiringWebDriver.lambda$new$1(EventFiringWebDriver.java:107)
	at com.sun.proxy.$Proxy11.getScreenshotAs(Unknown Source)
	at org.openqa.selenium.support.events.EventFiringWebDriver.getScreenshotAs(EventFiringWebDriver.java:302)
	at qa.util.TestUtil.takeScreenshotAtEndOfTest(TestUtil.java:65)
	at qa.util.WebEventListener.onException(WebEventListener.java:68)
	at org.openqa.selenium.support.events.EventFiringWebDriver.lambda$new$0(EventFiringWebDriver.java:84)
	at com.sun.proxy.$Proxy10.onException(Unknown Source)
	at org.openqa.selenium.support.events.EventFiringWebDriver.lambda$new$1(EventFiringWebDriver.java:107)
	at com.sun.proxy.$Proxy11.getScreenshotAs(Unknown Source)
	at org.openqa.selenium.support.events.EventFiringWebDriver.getScreenshotAs(EventFiringWebDriver.java:302)
	at qa.util.TestUtil.takeScreenshotAtEndOfTest(TestUtil.java:65)
	at qa.util.WebEventListener.onException(WebEventListener.java:68)
	at org.openqa.selenium.support.events.EventFiringWebDriver.lambda$new$0(EventFiringWebDriver.java:84)
	at com.sun.proxy.$Proxy10.onException(Unknown Source)
	at org.openqa.selenium.support.events.EventFiringWebDriver.lambda$new$1(EventFiringWebDriver.java:107)
	at com.sun.proxy.$Proxy11.getScreenshotAs(Unknown Source)
	at org.openqa.selenium.support.events.EventFiringWebDriver.getScreenshotAs(EventFiringWebDriver.java:302)
	at qa.util.TestUtil.takeScreenshotAtEndOfTest(TestUtil.java:65)
	at qa.util.WebEventListener.onException(WebEventListener.java:68)
	at org.openqa.selenium.support.events.EventFiringWebDriver.lambda$new$0(EventFiringWebDriver.java:84)
	at com.sun.proxy.$Proxy10.onException(Unknown Source)
	at org.openqa.selenium.support.events.EventFiringWebDriver.lambda$new$1(EventFiringWebDriver.java:107)
	at com.sun.proxy.$Proxy11.getScreenshotAs(Unknown Source)
	at org.openqa.selenium.support.events.EventFiringWebDriver.getScreenshotAs(EventFiringWebDriver.java:302)
	at qa.util.TestUtil.takeScreenshotAtEndOfTest(TestUtil.java:65)
	at qa.util.WebEventListener.onException(WebEventListener.java:68)
	at org.openqa.selenium.support.events.EventFiringWebDriver.lambda$new$0(EventFiringWebDriver.java:84)
	at com.sun.proxy.$Proxy10.onException(Unknown Source)
	at org.openqa.selenium.support.events.EventFiringWebDriver.lambda$new$1(EventFiringWebDriver.java:107)
	at com.sun.proxy.$Proxy11.getScreenshotAs(Unknown Source)
	at org.openqa.selenium.support.events.EventFiringWebDriver.getScreenshotAs(EventFiringWebDriver.java:302)
	at qa.util.TestUtil.takeScreenshotAtEndOfTest(TestUtil.java:65)
	at qa.util.WebEventListener.onException(WebEventListener.java:68)
	at org.openqa.selenium.support.events.EventFiringWebDriver.lambda$new$0(EventFiringWebDriver.java:84)
	at com.sun.proxy.$Proxy10.onException(Unknown Source)
	at org.openqa.selenium.support.events.EventFiringWebDriver.lambda$new$1(EventFiringWebDriver.java:107)
	at com.sun.proxy.$Proxy11.getScreenshotAs(Unknown Source)
	at org.openqa.selenium.support.events.EventFiringWebDriver.getScreenshotAs(EventFiringWebDriver.java:302)
	at qa.util.TestUtil.takeScreenshotAtEndOfTest(TestUtil.java:65)
	at qa.util.WebEventListener.onException(WebEventListener.java:68)
	at org.openqa.selenium.support.events.EventFiringWebDriver.lambda$new$0(EventFiringWebDriver.java:84)
	at com.sun.proxy.$Proxy10.onException(Unknown Source)
	at org.openqa.selenium.support.events.EventFiringWebDriver.lambda$new$1(EventFiringWebDriver.java:107)
	at com.sun.proxy.$Proxy11.getScreenshotAs(Unknown Source)
	at org.openqa.selenium.support.events.EventFiringWebDriver.getScreenshotAs(EventFiringWebDriver.java:302)
	at qa.util.TestUtil.takeScreenshotAtEndOfTest(TestUtil.java:65)
	at qa.util.WebEventListener.onException(WebEventListener.java:68)
	at org.openqa.selenium.support.events.EventFiringWebDriver.lambda$new$0(EventFiringWebDriver.java:84)
	at com.sun.proxy.$Proxy10.onException(Unknown Source)
	at org.openqa.selenium.support.events.EventFiringWebDriver.lambda$new$1(EventFiringWebDriver.java:107)
	at com.sun.proxy.$Proxy11.getScreenshotAs(Unknown Source)
	at org.openqa.selenium.support.events.EventFiringWebDriver.getScreenshotAs(EventFiringWebDriver.java:302)
	at qa.util.TestUtil.takeScreenshotAtEndOfTest(TestUtil.java:65)
	at qa.util.WebEventListener.onException(WebEventListener.java:68)
	at org.openqa.selenium.support.events.EventFiringWebDriver.lambda$new$0(EventFiringWebDriver.java:84)
	at com.sun.proxy.$Proxy10.onException(Unknown Source)
	at org.openqa.selenium.support.events.EventFiringWebDriver.lambda$new$1(EventFiringWebDriver.java:107)
	at com.sun.proxy.$Proxy11.getScreenshotAs(Unknown Source)
	at org.openqa.selenium.support.events.EventFiringWebDriver.getScreenshotAs(EventFiringWebDriver.java:302)
	at qa.util.TestUtil.takeScreenshotAtEndOfTest(TestUtil.java:65)
	at qa.util.WebEventListener.onException(WebEventListener.java:68)
	at org.openqa.selenium.support.events.EventFiringWebDriver.lambda$new$0(EventFiringWebDriver.java:84)
	at com.sun.proxy.$Proxy10.onException(Unknown Source)
	at org.openqa.selenium.support.events.EventFiringWebDriver.lambda$new$1(EventFiringWebDriver.java:107)
	at com.sun.proxy.$Proxy11.getScreenshotAs(Unknown Source)
	at org.openqa.selenium.support.events.EventFiringWebDriver.getScreenshotAs(EventFiringWebDriver.java:302)
	at qa.util.TestUtil.takeScreenshotAtEndOfTest(TestUtil.java:65)
	at qa.util.WebEventListener.onException(WebEventListener.java:68)
	at org.openqa.selenium.support.events.EventFiringWebDriver.lambda$new$0(EventFiringWebDriver.java:84)
	at com.sun.proxy.$Proxy10.onException(Unknown Source)
	at org.openqa.selenium.support.events.EventFiringWebDriver.lambda$new$1(EventFiringWebDriver.java:107)
	at com.sun.proxy.$Proxy11.getScreenshotAs(Unknown Source)
	at org.openqa.selenium.support.events.EventFiringWebDriver.getScreenshotAs(EventFiringWebDriver.java:302)
	at qa.util.TestUtil.takeScreenshotAtEndOfTest(TestUtil.java:65)
	at qa.util.WebEventListener.onException(WebEventListener.java:68)
	at org.openqa.selenium.support.events.EventFiringWebDriver.lambda$new$0(EventFiringWebDriver.java:84)
	at com.sun.proxy.$Proxy10.onException(Unknown Source)
	at org.openqa.selenium.support.events.EventFiringWebDriver.lambda$new$1(EventFiringWebDriver.java:107)
	at com.sun.proxy.$Proxy11.getScreenshotAs(Unknown Source)
	at org.openqa.selenium.support.events.EventFiringWebDriver.getScreenshotAs(EventFiringWebDriver.java:302)
	at qa.util.TestUtil.takeScreenshotAtEndOfTest(TestUtil.java:65)
	at qa.util.WebEventListener.onException(WebEventListener.java:68)
	at org.openqa.selenium.support.events.EventFiringWebDriver.lambda$new$0(EventFiringWebDriver.java:84)
	at com.sun.proxy.$Proxy10.onException(Unknown Source)
	at org.openqa.selenium.support.events.EventFiringWebDriver.lambda$new$1(EventFiringWebDriver.java:107)
	at com.sun.proxy.$Proxy11.getScreenshotAs(Unknown Source)
	at org.openqa.selenium.support.events.EventFiringWebDriver.getScreenshotAs(EventFiringWebDriver.java:302)
	at qa.util.TestUtil.takeScreenshotAtEndOfTest(TestUtil.java:65)
	at qa.util.WebEventListener.onException(WebEventListener.java:68)
	at org.openqa.selenium.support.events.EventFiringWebDriver.lambda$new$0(EventFiringWebDriver.java:84)
	at com.sun.proxy.$Proxy10.onException(Unknown Source)
	at org.openqa.selenium.support.events.EventFiringWebDriver.lambda$new$1(EventFiringWebDriver.java:107)
	at com.sun.proxy.$Proxy11.getScreenshotAs(Unknown Source)
	at org.openqa.selenium.support.events.EventFiringWebDriver.getScreenshotAs(EventFiringWebDriver.java:302)
	at qa.util.TestUtil.takeScreenshotAtEndOfTest(TestUtil.java:65)
	at qa.util.WebEventListener.onException(WebEventListener.java:68)
	at org.openqa.selenium.support.events.EventFiringWebDriver.lambda$new$0(EventFiringWebDriver.java:84)
	at com.sun.proxy.$Proxy10.onException(Unknown Source)
	at org.openqa.selenium.support.events.EventFiringWebDriver.lambda$new$1(EventFiringWebDriver.java:107)
	at com.sun.proxy.$Proxy11.getScreenshotAs(Unknown Source)
	at org.openqa.selenium.support.events.EventFiringWebDriver.getScreenshotAs(EventFiringWebDriver.java:302)
	at qa.util.TestUtil.takeScreenshotAtEndOfTest(TestUtil.java:65)
	at qa.util.WebEventListener.onException(WebEventListener.java:68)
	at org.openqa.selenium.support.events.EventFiringWebDriver.lambda$new$0(EventFiringWebDriver.java:84)
	at com.sun.proxy.$Proxy10.onException(Unknown Source)
	at org.openqa.selenium.support.events.EventFiringWebDriver.lambda$new$1(EventFiringWebDriver.java:107)
	at com.sun.proxy.$Proxy11.getScreenshotAs(Unknown Source)
	at org.openqa.selenium.support.events.EventFiringWebDriver.getScreenshotAs(EventFiringWebDriver.java:302)
	at qa.util.TestUtil.takeScreenshotAtEndOfTest(TestUtil.java:65)
	at qa.util.WebEventListener.onException(WebEventListener.java:68)
	at org.openqa.selenium.support.events.EventFiringWebDriver.lambda$new$0(EventFiringWebDriver.java:84)
	at com.sun.proxy.$Proxy10.onException(Unknown Source)
	at org.openqa.selenium.support.events.EventFiringWebDriver.lambda$new$1(EventFiringWebDriver.java:107)
	at com.sun.proxy.$Proxy11.getScreenshotAs(Unknown Source)
	at org.openqa.selenium.support.events.EventFiringWebDriver.getScreenshotAs(EventFiringWebDriver.java:302)
	at qa.util.TestUtil.takeScreenshotAtEndOfTest(TestUtil.java:65)
	at qa.util.WebEventListener.onException(WebEventListener.java:68)
	at org.openqa.selenium.support.events.EventFiringWebDriver.lambda$new$0(EventFiringWebDriver.java:84)
	at com.sun.proxy.$Proxy10.onException(Unknown Source)
	at org.openqa.selenium.support.events.EventFiringWebDriver.lambda$new$1(EventFiringWebDriver.java:107)
	at com.sun.proxy.$Proxy11.getScreenshotAs(Unknown Source)
	at org.openqa.selenium.support.events.EventFiringWebDriver.getScreenshotAs(EventFiringWebDriver.java:302)
	at qa.util.TestUtil.takeScreenshotAtEndOfTest(TestUtil.java:65)
	at qa.util.WebEventListener.onException(WebEventListener.java:68)
	at org.openqa.selenium.support.events.EventFiringWebDriver.lambda$new$0(EventFiringWebDriver.java:84)
	at com.sun.proxy.$Proxy10.onException(Unknown Source)
	at org.openqa.selenium.support.events.EventFiringWebDriver.lambda$new$1(EventFiringWebDriver.java:107)
	at com.sun.proxy.$Proxy11.getScreenshotAs(Unknown Source)
	at org.openqa.selenium.support.events.EventFiringWebDriver.getScreenshotAs(EventFiringWebDriver.java:302)
	at qa.util.TestUtil.takeScreenshotAtEndOfTest(TestUtil.java:65)
	at qa.util.WebEventListener.onException(WebEventListener.java:68)
	at org.openqa.selenium.support.events.EventFiringWebDriver.lambda$new$0(EventFiringWebDriver.java:84)
	at com.sun.proxy.$Proxy10.onException(Unknown Source)
	at org.openqa.selenium.support.events.EventFiringWebDriver.lambda$new$1(EventFiringWebDriver.java:107)
	at com.sun.proxy.$Proxy11.getScreenshotAs(Unknown Source)
	at org.openqa.selenium.support.events.EventFiringWebDriver.getScreenshotAs(EventFiringWebDriver.java:302)
	at qa.util.TestUtil.takeScreenshotAtEndOfTest(TestUtil.java:65)
	at qa.util.WebEventListener.onException(WebEventListener.java:68)
	at org.openqa.selenium.support.events.EventFiringWebDriver.lambda$new$0(EventFiringWebDriver.java:84)
	at com.sun.proxy.$Proxy10.onException(Unknown Source)
	at org.openqa.selenium.support.events.EventFiringWebDriver.lambda$new$1(EventFiringWebDriver.java:107)
	at com.sun.proxy.$Proxy11.getScreenshotAs(Unknown Source)
	at org.openqa.selenium.support.events.EventFiringWebDriver.getScreenshotAs(EventFiringWebDriver.java:302)
	at qa.util.TestUtil.takeScreenshotAtEndOfTest(TestUtil.java:65)
	at qa.util.WebEventListener.onException(WebEventListener.java:68)
	at org.openqa.selenium.support.events.EventFiringWebDriver.lambda$new$0(EventFiringWebDriver.java:84)
	at com.sun.proxy.$Proxy10.onException(Unknown Source)
	at org.openqa.selenium.support.events.EventFiringWebDriver.lambda$new$1(EventFiringWebDriver.java:107)
	at com.sun.proxy.$Proxy11.getScreenshotAs(Unknown Source)
	at org.openqa.selenium.support.events.EventFiringWebDriver.getScreenshotAs(EventFiringWebDriver.java:302)
	at qa.util.TestUtil.takeScreenshotAtEndOfTest(TestUtil.java:65)
	at qa.util.WebEventListener.onException(WebEventListener.java:68)
	at org.openqa.selenium.support.events.EventFiringWebDriver.lambda$new$0(EventFiringWebDriver.java:84)
	at com.sun.proxy.$Proxy10.onException(Unknown Source)
	at org.openqa.selenium.support.events.EventFiringWebDriver.lambda$new$1(EventFiringWebDriver.java:107)
	at com.sun.proxy.$Proxy11.getScreenshotAs(Unknown Source)
	at org.openqa.selenium.support.events.EventFiringWebDriver.getScreenshotAs(EventFiringWebDriver.java:302)
	at qa.util.TestUtil.takeScreenshotAtEndOfTest(TestUtil.java:65)
	at qa.util.WebEventListener.onException(WebEventListener.java:68)
	at org.openqa.selenium.support.events.EventFiringWebDriver.lambda$new$0(EventFiringWebDriver.java:84)
	at com.sun.proxy.$Proxy10.onException(Unknown Source)
	at org.openqa.selenium.support.events.EventFiringWebDriver.lambda$new$1(EventFiringWebDriver.java:107)
	at com.sun.proxy.$Proxy11.getScreenshotAs(Unknown Source)
	at org.openqa.selenium.support.events.EventFiringWebDriver.getScreenshotAs(EventFiringWebDriver.java:302)
	at qa.util.TestUtil.takeScreenshotAtEndOfTest(TestUtil.java:65)
	at qa.util.WebEventListener.onException(WebEventListener.java:68)
	at org.openqa.selenium.support.events.EventFiringWebDriver.lambda$new$0(EventFiringWebDriver.java:84)
	at com.sun.proxy.$Proxy10.onException(Unknown Source)
	at org.openqa.selenium.support.events.EventFiringWebDriver.lambda$new$1(EventFiringWebDriver.java:107)
	at com.sun.proxy.$Proxy11.getScreenshotAs(Unknown Source)
	at org.openqa.selenium.support.events.EventFiringWebDriver.getScreenshotAs(EventFiringWebDriver.java:302)
	at qa.util.TestUtil.takeScreenshotAtEndOfTest(TestUtil.java:65)
	at qa.util.WebEventListener.onException(WebEventListener.java:68)
	at org.openqa.selenium.support.events.EventFiringWebDriver.lambda$new$0(EventFiringWebDriver.java:84)
	at com.sun.proxy.$Proxy10.onException(Unknown Source)
	at org.openqa.selenium.support.events.EventFiringWebDriver.lambda$new$1(EventFiringWebDriver.java:107)
	at com.sun.proxy.$Proxy11.getScreenshotAs(Unknown Source)
	at org.openqa.selenium.support.events.EventFiringWebDriver.getScreenshotAs(EventFiringWebDriver.java:302)
	at qa.util.TestUtil.takeScreenshotAtEndOfTest(TestUtil.java:65)
	at qa.util.WebEventListener.onException(WebEventListener.java:68)
	at org.openqa.selenium.support.events.EventFiringWebDriver.lambda$new$0(EventFiringWebDriver.java:84)
	at com.sun.proxy.$Proxy10.onException(Unknown Source)
	at org.openqa.selenium.support.events.EventFiringWebDriver.lambda$new$1(EventFiringWebDriver.java:107)
	at com.sun.proxy.$Proxy11.getScreenshotAs(Unknown Source)
	at org.openqa.selenium.support.events.EventFiringWebDriver.getScreenshotAs(EventFiringWebDriver.java:302)
	at qa.util.TestUtil.takeScreenshotAtEndOfTest(TestUtil.java:65)
	at qa.util.WebEventListener.onException(WebEventListener.java:68)
	at org.openqa.selenium.support.events.EventFiringWebDriver.lambda$new$0(EventFiringWebDriver.java:84)
	at com.sun.proxy.$Proxy10.onException(Unknown Source)
	at org.openqa.selenium.support.events.EventFiringWebDriver.lambda$new$1(EventFiringWebDriver.java:107)
	at com.sun.proxy.$Proxy11.getScreenshotAs(Unknown Source)
	at org.openqa.selenium.support.events.EventFiringWebDriver.getScreenshotAs(EventFiringWebDriver.java:302)
	at qa.util.TestUtil.takeScreenshotAtEndOfTest(TestUtil.java:65)
	at qa.util.WebEventListener.onException(WebEventListener.java:68)
	at org.openqa.selenium.support.events.EventFiringWebDriver.lambda$new$0(EventFiringWebDriver.java:84)
	at com.sun.proxy.$Proxy10.onException(Unknown Source)
	at org.openqa.selenium.support.events.EventFiringWebDriver.lambda$new$1(EventFiringWebDriver.java:107)
	at com.sun.proxy.$Proxy11.getScreenshotAs(Unknown Source)
	at org.openqa.selenium.support.events.EventFiringWebDriver.getScreenshotAs(EventFiringWebDriver.java:302)
	at qa.util.TestUtil.takeScreenshotAtEndOfTest(TestUtil.java:65)
	at qa.util.WebEventListener.onException(WebEventListener.java:68)
	at org.openqa.selenium.support.events.EventFiringWebDriver.lambda$new$0(EventFiringWebDriver.java:84)
	at com.sun.proxy.$Proxy10.onException(Unknown Source)
	at org.openqa.selenium.support.events.EventFiringWebDriver.lambda$new$1(EventFiringWebDriver.java:107)
	at com.sun.proxy.$Proxy11.getScreenshotAs(Unknown Source)
	at org.openqa.selenium.support.events.EventFiringWebDriver.getScreenshotAs(EventFiringWebDriver.java:302)
	at qa.util.TestUtil.takeScreenshotAtEndOfTest(TestUtil.java:65)
	at qa.util.WebEventListener.onException(WebEventListener.java:68)
	at org.openqa.selenium.support.events.EventFiringWebDriver.lambda$new$0(EventFiringWebDriver.java:84)
	at com.sun.proxy.$Proxy10.onException(Unknown Source)
	at org.openqa.selenium.support.events.EventFiringWebDriver.lambda$new$1(EventFiringWebDriver.java:107)
	at com.sun.proxy.$Proxy11.getScreenshotAs(Unknown Source)
	at org.openqa.selenium.support.events.EventFiringWebDriver.getScreenshotAs(EventFiringWebDriver.java:302)
	at qa.util.TestUtil.takeScreenshotAtEndOfTest(TestUtil.java:65)
	at qa.util.WebEventListener.onException(WebEventListener.java:68)
	at org.openqa.selenium.support.events.EventFiringWebDriver.lambda$new$0(EventFiringWebDriver.java:84)
	at com.sun.proxy.$Proxy10.onException(Unknown Source)
	at org.openqa.selenium.support.events.EventFiringWebDriver.lambda$new$1(EventFiringWebDriver.java:107)
	at com.sun.proxy.$Proxy11.getScreenshotAs(Unknown Source)
	at org.openqa.selenium.support.events.EventFiringWebDriver.getScreenshotAs(EventFiringWebDriver.java:302)
	at qa.util.TestUtil.takeScreenshotAtEndOfTest(TestUtil.java:65)
	at qa.util.WebEventListener.onException(WebEventListener.java:68)
	at org.openqa.selenium.support.events.EventFiringWebDriver.lambda$new$0(EventFiringWebDriver.java:84)
	at com.sun.proxy.$Proxy10.onException(Unknown Source)
	at org.openqa.selenium.support.events.EventFiringWebDriver.lambda$new$1(EventFiringWebDriver.java:107)
	at com.sun.proxy.$Proxy11.getScreenshotAs(Unknown Source)
	at org.openqa.selenium.support.events.EventFiringWebDriver.getScreenshotAs(EventFiringWebDriver.java:302)
	at qa.util.TestUtil.takeScreenshotAtEndOfTest(TestUtil.java:65)
	at qa.util.WebEventListener.onException(WebEventListener.java:68)
	at org.openqa.selenium.support.events.EventFiringWebDriver.lambda$new$0(EventFiringWebDriver.java:84)
	at com.sun.proxy.$Proxy10.onException(Unknown Source)
	at org.openqa.selenium.support.events.EventFiringWebDriver.lambda$new$1(EventFiringWebDriver.java:107)
	at com.sun.proxy.$Proxy11.getScreenshotAs(Unknown Source)
	at org.openqa.selenium.support.events.EventFiringWebDriver.getScreenshotAs(EventFiringWebDriver.java:302)
	at qa.util.TestUtil.takeScreenshotAtEndOfTest(TestUtil.java:65)
	at qa.util.WebEventListener.onException(WebEventListener.java:68)
	at org.openqa.selenium.support.events.EventFiringWebDriver.lambda$new$0(EventFiringWebDriver.java:84)
	at com.sun.proxy.$Proxy10.onException(Unknown Source)
	at org.openqa.selenium.support.events.EventFiringWebDriver.lambda$new$1(EventFiringWebDriver.java:107)
	at com.sun.proxy.$Proxy11.getScreenshotAs(Unknown Source)
	at org.openqa.selenium.support.events.EventFiringWebDriver.getScreenshotAs(EventFiringWebDriver.java:302)
	at qa.util.TestUtil.takeScreenshotAtEndOfTest(TestUtil.java:65)
	at qa.util.WebEventListener.onException(WebEventListener.java:68)
	at org.openqa.selenium.support.events.EventFiringWebDriver.lambda$new$0(EventFiringWebDriver.java:84)
	at com.sun.proxy.$Proxy10.onException(Unknown Source)
	at org.openqa.selenium.support.events.EventFiringWebDriver.lambda$new$1(EventFiringWebDriver.java:107)
	at com.sun.proxy.$Proxy11.getScreenshotAs(Unknown Source)
	at org.openqa.selenium.support.events.EventFiringWebDriver.getScreenshotAs(EventFiringWebDriver.java:302)
	at qa.util.TestUtil.takeScreenshotAtEndOfTest(TestUtil.java:65)
	at qa.util.WebEventListener.onException(WebEventListener.java:68)
	at org.openqa.selenium.support.events.EventFiringWebDriver.lambda$new$0(EventFiringWebDriver.java:84)
	at com.sun.proxy.$Proxy10.onException(Unknown Source)
	at org.openqa.selenium.support.events.EventFiringWebDriver.lambda$new$1(EventFiringWebDriver.java:107)
	at com.sun.proxy.$Proxy11.getScreenshotAs(Unknown Source)
	at org.openqa.selenium.support.events.EventFiringWebDriver.getScreenshotAs(EventFiringWebDriver.java:302)
	at qa.util.TestUtil.takeScreenshotAtEndOfTest(TestUtil.java:65)
	at qa.util.WebEventListener.onException(WebEventListener.java:68)
	at org.openqa.selenium.support.events.EventFiringWebDriver.lambda$new$0(EventFiringWebDriver.java:84)
	at com.sun.proxy.$Proxy10.onException(Unknown Source)
... Removed 306 stack frames
</div> <!-- stack-trace -->
                </div> <!-- method-content -->
              </div> <!-- method -->
            </div> <!-- main-panel-content rounded-window-bottom -->
          </div> <!-- suite-EDM_Web_Automation-class-failed -->
          <div class="suite-EDM_Web_Automation-class-passed">
            <div class="main-panel-header rounded-window-top">
              <img src="passed.png"/>
              <span class="class-name">qa.testcases.Personnel_Test</span>
            </div> <!-- main-panel-header rounded-window-top -->
            <div class="main-panel-content rounded-window-bottom">
              <div class="method">
                <div class="method-content">
                  <a name="SidemenuNavigation">
                  </a> <!-- SidemenuNavigation -->
                  <span class="method-name">SidemenuNavigation</span>
                </div> <!-- method-content -->
              </div> <!-- method -->
              <div class="method">
                <div class="method-content">
                  <a name="csvDownloadTemplate">
                  </a> <!-- csvDownloadTemplate -->
                  <span class="method-name">csvDownloadTemplate</span>
                </div> <!-- method-content -->
              </div> <!-- method -->
              <div class="method">
                <div class="method-content">
                  <a name="loginTest7(demandplannertest@mailinator.com, 3scSolutions@123)">
                  </a> <!-- loginTest7(demandplannertest@mailinator.com, 3scSolutions@123) -->
                  <span class="method-name">loginTest7</span>
                  <span class="parameters">(demandplannertest@mailinator.com, 3scSolutions@123)</span>
                </div> <!-- method-content -->
              </div> <!-- method -->
              <div class="method">
                <div class="method-content">
                  <a name="verifyDropDownMenuNavigation">
                  </a> <!-- verifyDropDownMenuNavigation -->
                  <span class="method-name">verifyDropDownMenuNavigation</span>
                </div> <!-- method-content -->
              </div> <!-- method -->
              <div class="method">
                <div class="method-content">
                  <a name="verifyDropDownTable">
                  </a> <!-- verifyDropDownTable -->
                  <span class="method-name">verifyDropDownTable</span>
                </div> <!-- method-content -->
              </div> <!-- method -->
              <div class="method">
                <div class="method-content">
                  <a name="verifyProductEntityPage">
                  </a> <!-- verifyProductEntityPage -->
                  <span class="method-name">verifyProductEntityPage</span>
                </div> <!-- method-content -->
              </div> <!-- method -->
              <div class="method">
                <div class="method-content">
                  <a name="verifySearchFeature">
                  </a> <!-- verifySearchFeature -->
                  <span class="method-name">verifySearchFeature</span>
                </div> <!-- method-content -->
              </div> <!-- method -->
              <div class="method">
                <div class="method-content">
                  <a name="verifypagination">
                  </a> <!-- verifypagination -->
                  <span class="method-name">verifypagination</span>
                </div> <!-- method-content -->
              </div> <!-- method -->
            </div> <!-- main-panel-content rounded-window-bottom -->
          </div> <!-- suite-EDM_Web_Automation-class-passed -->
          <div class="suite-EDM_Web_Automation-class-passed">
            <div class="main-panel-header rounded-window-top">
              <img src="passed.png"/>
              <span class="class-name">qa.testcases.Location_Test</span>
            </div> <!-- main-panel-header rounded-window-top -->
            <div class="main-panel-content rounded-window-bottom">
              <div class="method">
                <div class="method-content">
                  <a name="SidemenuNavigation">
                  </a> <!-- SidemenuNavigation -->
                  <span class="method-name">SidemenuNavigation</span>
                </div> <!-- method-content -->
              </div> <!-- method -->
              <div class="method">
                <div class="method-content">
                  <a name="csvDownloadTemplate">
                  </a> <!-- csvDownloadTemplate -->
                  <span class="method-name">csvDownloadTemplate</span>
                </div> <!-- method-content -->
              </div> <!-- method -->
              <div class="method">
                <div class="method-content">
                  <a name="csvUploadAndDownload">
                  </a> <!-- csvUploadAndDownload -->
                  <span class="method-name">csvUploadAndDownload</span>
                </div> <!-- method-content -->
              </div> <!-- method -->
              <div class="method">
                <div class="method-content">
                  <a name="loginTest7(demandplannertest@mailinator.com, 3scSolutions@123)">
                  </a> <!-- loginTest7(demandplannertest@mailinator.com, 3scSolutions@123) -->
                  <span class="method-name">loginTest7</span>
                  <span class="parameters">(demandplannertest@mailinator.com, 3scSolutions@123)</span>
                </div> <!-- method-content -->
              </div> <!-- method -->
              <div class="method">
                <div class="method-content">
                  <a name="verifyDropDownMenuNavigation">
                  </a> <!-- verifyDropDownMenuNavigation -->
                  <span class="method-name">verifyDropDownMenuNavigation</span>
                </div> <!-- method-content -->
              </div> <!-- method -->
              <div class="method">
                <div class="method-content">
                  <a name="verifyDropDownTable">
                  </a> <!-- verifyDropDownTable -->
                  <span class="method-name">verifyDropDownTable</span>
                </div> <!-- method-content -->
              </div> <!-- method -->
              <div class="method">
                <div class="method-content">
                  <a name="verifyProductEntityPage">
                  </a> <!-- verifyProductEntityPage -->
                  <span class="method-name">verifyProductEntityPage</span>
                </div> <!-- method-content -->
              </div> <!-- method -->
              <div class="method">
                <div class="method-content">
                  <a name="verifySearchFeature">
                  </a> <!-- verifySearchFeature -->
                  <span class="method-name">verifySearchFeature</span>
                </div> <!-- method-content -->
              </div> <!-- method -->
              <div class="method">
                <div class="method-content">
                  <a name="verifypagination">
                  </a> <!-- verifypagination -->
                  <span class="method-name">verifypagination</span>
                </div> <!-- method-content -->
              </div> <!-- method -->
            </div> <!-- main-panel-content rounded-window-bottom -->
          </div> <!-- suite-EDM_Web_Automation-class-passed -->
          <div class="suite-EDM_Web_Automation-class-passed">
            <div class="main-panel-header rounded-window-top">
              <img src="passed.png"/>
              <span class="class-name">qa.testcases.Product_Test</span>
            </div> <!-- main-panel-header rounded-window-top -->
            <div class="main-panel-content rounded-window-bottom">
              <div class="method">
                <div class="method-content">
                  <a name="SidemenuNavigation">
                  </a> <!-- SidemenuNavigation -->
                  <span class="method-name">SidemenuNavigation</span>
                </div> <!-- method-content -->
              </div> <!-- method -->
              <div class="method">
                <div class="method-content">
                  <a name="csvDownloadTemplate">
                  </a> <!-- csvDownloadTemplate -->
                  <span class="method-name">csvDownloadTemplate</span>
                </div> <!-- method-content -->
              </div> <!-- method -->
              <div class="method">
                <div class="method-content">
                  <a name="csvUploadAndDownload">
                  </a> <!-- csvUploadAndDownload -->
                  <span class="method-name">csvUploadAndDownload</span>
                </div> <!-- method-content -->
              </div> <!-- method -->
              <div class="method">
                <div class="method-content">
                  <a name="loginTest7(demandplannertest@mailinator.com, 3scSolutions@123)">
                  </a> <!-- loginTest7(demandplannertest@mailinator.com, 3scSolutions@123) -->
                  <span class="method-name">loginTest7</span>
                  <span class="parameters">(demandplannertest@mailinator.com, 3scSolutions@123)</span>
                </div> <!-- method-content -->
              </div> <!-- method -->
              <div class="method">
                <div class="method-content">
                  <a name="verifyDropDownMenuNavigation">
                  </a> <!-- verifyDropDownMenuNavigation -->
                  <span class="method-name">verifyDropDownMenuNavigation</span>
                </div> <!-- method-content -->
              </div> <!-- method -->
              <div class="method">
                <div class="method-content">
                  <a name="verifyDropDownTable">
                  </a> <!-- verifyDropDownTable -->
                  <span class="method-name">verifyDropDownTable</span>
                </div> <!-- method-content -->
              </div> <!-- method -->
              <div class="method">
                <div class="method-content">
                  <a name="verifyProductEntityPage">
                  </a> <!-- verifyProductEntityPage -->
                  <span class="method-name">verifyProductEntityPage</span>
                </div> <!-- method-content -->
              </div> <!-- method -->
              <div class="method">
                <div class="method-content">
                  <a name="verifySearchFeature">
                  </a> <!-- verifySearchFeature -->
                  <span class="method-name">verifySearchFeature</span>
                </div> <!-- method-content -->
              </div> <!-- method -->
              <div class="method">
                <div class="method-content">
                  <a name="verifypagination">
                  </a> <!-- verifypagination -->
                  <span class="method-name">verifypagination</span>
                </div> <!-- method-content -->
              </div> <!-- method -->
            </div> <!-- main-panel-content rounded-window-bottom -->
          </div> <!-- suite-EDM_Web_Automation-class-passed -->
          <div class="suite-EDM_Web_Automation-class-passed">
            <div class="main-panel-header rounded-window-top">
              <img src="passed.png"/>
              <span class="class-name">qa.testcases.Currency_Test</span>
            </div> <!-- main-panel-header rounded-window-top -->
            <div class="main-panel-content rounded-window-bottom">
              <div class="method">
                <div class="method-content">
                  <a name="SidemenuNavigation">
                  </a> <!-- SidemenuNavigation -->
                  <span class="method-name">SidemenuNavigation</span>
                </div> <!-- method-content -->
              </div> <!-- method -->
              <div class="method">
                <div class="method-content">
                  <a name="csvUploadAndDownload">
                  </a> <!-- csvUploadAndDownload -->
                  <span class="method-name">csvUploadAndDownload</span>
                </div> <!-- method-content -->
              </div> <!-- method -->
              <div class="method">
                <div class="method-content">
                  <a name="loginTest7(demandplannertest@mailinator.com, 3scSolutions@123)">
                  </a> <!-- loginTest7(demandplannertest@mailinator.com, 3scSolutions@123) -->
                  <span class="method-name">loginTest7</span>
                  <span class="parameters">(demandplannertest@mailinator.com, 3scSolutions@123)</span>
                </div> <!-- method-content -->
              </div> <!-- method -->
              <div class="method">
                <div class="method-content">
                  <a name="verifyProductEntityPage">
                  </a> <!-- verifyProductEntityPage -->
                  <span class="method-name">verifyProductEntityPage</span>
                </div> <!-- method-content -->
              </div> <!-- method -->
              <div class="method">
                <div class="method-content">
                  <a name="verifypagination">
                  </a> <!-- verifypagination -->
                  <span class="method-name">verifypagination</span>
                </div> <!-- method-content -->
              </div> <!-- method -->
            </div> <!-- main-panel-content rounded-window-bottom -->
          </div> <!-- suite-EDM_Web_Automation-class-passed -->
          <div class="suite-EDM_Web_Automation-class-passed">
            <div class="main-panel-header rounded-window-top">
              <img src="passed.png"/>
              <span class="class-name">qa.testcases.Network_Test</span>
            </div> <!-- main-panel-header rounded-window-top -->
            <div class="main-panel-content rounded-window-bottom">
              <div class="method">
                <div class="method-content">
                  <a name="SidemenuNavigation">
                  </a> <!-- SidemenuNavigation -->
                  <span class="method-name">SidemenuNavigation</span>
                </div> <!-- method-content -->
              </div> <!-- method -->
              <div class="method">
                <div class="method-content">
                  <a name="loginTest7(demandplannertest@mailinator.com, 3scSolutions@123)">
                  </a> <!-- loginTest7(demandplannertest@mailinator.com, 3scSolutions@123) -->
                  <span class="method-name">loginTest7</span>
                  <span class="parameters">(demandplannertest@mailinator.com, 3scSolutions@123)</span>
                </div> <!-- method-content -->
              </div> <!-- method -->
              <div class="method">
                <div class="method-content">
                  <a name="verifyProductEntityPage">
                  </a> <!-- verifyProductEntityPage -->
                  <span class="method-name">verifyProductEntityPage</span>
                </div> <!-- method-content -->
              </div> <!-- method -->
              <div class="method">
                <div class="method-content">
                  <a name="verifypagination">
                  </a> <!-- verifypagination -->
                  <span class="method-name">verifypagination</span>
                </div> <!-- method-content -->
              </div> <!-- method -->
            </div> <!-- main-panel-content rounded-window-bottom -->
          </div> <!-- suite-EDM_Web_Automation-class-passed -->
          <div class="suite-EDM_Web_Automation-class-passed">
            <div class="main-panel-header rounded-window-top">
              <img src="passed.png"/>
              <span class="class-name">qa.testcases.Mapping_Test</span>
            </div> <!-- main-panel-header rounded-window-top -->
            <div class="main-panel-content rounded-window-bottom">
              <div class="method">
                <div class="method-content">
                  <a name="SidemenuNavigation">
                  </a> <!-- SidemenuNavigation -->
                  <span class="method-name">SidemenuNavigation</span>
                </div> <!-- method-content -->
              </div> <!-- method -->
              <div class="method">
                <div class="method-content">
                  <a name="loginTest7(demandplannertest@mailinator.com, 3scSolutions@123)">
                  </a> <!-- loginTest7(demandplannertest@mailinator.com, 3scSolutions@123) -->
                  <span class="method-name">loginTest7</span>
                  <span class="parameters">(demandplannertest@mailinator.com, 3scSolutions@123)</span>
                </div> <!-- method-content -->
              </div> <!-- method -->
              <div class="method">
                <div class="method-content">
                  <a name="verifyProductEntityPage">
                  </a> <!-- verifyProductEntityPage -->
                  <span class="method-name">verifyProductEntityPage</span>
                </div> <!-- method-content -->
              </div> <!-- method -->
            </div> <!-- main-panel-content rounded-window-bottom -->
          </div> <!-- suite-EDM_Web_Automation-class-passed -->
        </div> <!-- panel EDM_Web_Automation -->
        <div panel-name="test-xml-EDM_Web_Automation" class="panel">
          <div class="main-panel-header rounded-window-top">
            <span class="header-content">C:\Users\raghunandan.g\eclipse-workspace\EDM_Web_Automation\testng.xml</span>
          </div> <!-- main-panel-header rounded-window-top -->
          <div class="main-panel-content rounded-window-bottom">
            <pre>
&lt;?xml version=&quot;1.0&quot; encoding=&quot;UTF-8&quot;?&gt;
&lt;!DOCTYPE suite SYSTEM &quot;https://testng.org/testng-1.0.dtd&quot;&gt;
&lt;suite name=&quot;EDM Web Automation&quot; guice-stage=&quot;DEVELOPMENT&quot;&gt;
  &lt;listeners&gt;
    &lt;listener class-name=&quot;qa.ExtentReportListener.ExtentReporterNG&quot;/&gt;
  &lt;/listeners&gt;
  &lt;test thread-count=&quot;5&quot; name=&quot;Product Test Cases&quot;&gt;
    &lt;classes&gt;
      &lt;class name=&quot;qa.testcases.Product_Test&quot;/&gt;
    &lt;/classes&gt;
  &lt;/test&gt; &lt;!-- Product Test Cases --&gt;
  &lt;test thread-count=&quot;5&quot; name=&quot;Personnel Test Cases&quot;&gt;
    &lt;classes&gt;
      &lt;class name=&quot;qa.testcases.Personnel_Test&quot;/&gt;
    &lt;/classes&gt;
  &lt;/test&gt; &lt;!-- Personnel Test Cases --&gt;
  &lt;test thread-count=&quot;5&quot; name=&quot;Location Test Cases&quot;&gt;
    &lt;classes&gt;
      &lt;class name=&quot;qa.testcases.Location_Test&quot;/&gt;
    &lt;/classes&gt;
  &lt;/test&gt; &lt;!-- Location Test Cases --&gt;
  &lt;test thread-count=&quot;5&quot; name=&quot;Mapping Test Cases&quot;&gt;
    &lt;classes&gt;
      &lt;class name=&quot;qa.testcases.Mapping_Test&quot;/&gt;
    &lt;/classes&gt;
  &lt;/test&gt; &lt;!-- Mapping Test Cases --&gt;
  &lt;test thread-count=&quot;5&quot; name=&quot;Network Test Cases&quot;&gt;
    &lt;classes&gt;
      &lt;class name=&quot;qa.testcases.Network_Test&quot;/&gt;
    &lt;/classes&gt;
  &lt;/test&gt; &lt;!-- Network Test Cases --&gt;
  &lt;test thread-count=&quot;5&quot; name=&quot;Currency Test Cases&quot;&gt;
    &lt;classes&gt;
      &lt;class name=&quot;qa.testcases.Currency_Test&quot;/&gt;
    &lt;/classes&gt;
  &lt;/test&gt; &lt;!-- Currency Test Cases --&gt;
&lt;/suite&gt; &lt;!-- EDM Web Automation --&gt;
            </pre>
          </div> <!-- main-panel-content rounded-window-bottom -->
        </div> <!-- panel -->
        <div panel-name="testlist-EDM_Web_Automation" class="panel">
          <div class="main-panel-header rounded-window-top">
            <span class="header-content">Tests for EDM Web Automation</span>
          </div> <!-- main-panel-header rounded-window-top -->
          <div class="main-panel-content rounded-window-bottom">
            <ul>
              <li>
                <span class="test-name">Product Test Cases (1 class)</span>
              </li>
              <li>
                <span class="test-name">Personnel Test Cases (1 class)</span>
              </li>
              <li>
                <span class="test-name">Location Test Cases (1 class)</span>
              </li>
              <li>
                <span class="test-name">Mapping Test Cases (1 class)</span>
              </li>
              <li>
                <span class="test-name">Network Test Cases (1 class)</span>
              </li>
              <li>
                <span class="test-name">Currency Test Cases (1 class)</span>
              </li>
            </ul>
          </div> <!-- main-panel-content rounded-window-bottom -->
        </div> <!-- panel -->
        <div panel-name="group-EDM_Web_Automation" class="panel">
          <div class="main-panel-header rounded-window-top">
            <span class="header-content">Groups for EDM Web Automation</span>
          </div> <!-- main-panel-header rounded-window-top -->
          <div class="main-panel-content rounded-window-bottom">
          </div> <!-- main-panel-content rounded-window-bottom -->
        </div> <!-- panel -->
        <div panel-name="times-EDM_Web_Automation" class="panel">
          <div class="main-panel-header rounded-window-top">
            <span class="header-content">Times for EDM Web Automation</span>
          </div> <!-- main-panel-header rounded-window-top -->
          <div class="main-panel-content rounded-window-bottom">
            <div class="times-div">
              <script type="text/javascript">
suiteTableInitFunctions.push('tableData_EDM_Web_Automation');
function tableData_EDM_Web_Automation() {
var data = new google.visualization.DataTable();
data.addColumn('number', 'Number');
data.addColumn('string', 'Method');
data.addColumn('string', 'Class');
data.addColumn('number', 'Time (ms)');
data.addRows(54);
data.setCell(0, 0, 0)
data.setCell(0, 1, 'verifypagination')
data.setCell(0, 2, 'qa.testcases.Network_Test')
data.setCell(0, 3, 256809);
data.setCell(1, 0, 1)
data.setCell(1, 1, 'verifypagination')
data.setCell(1, 2, 'qa.testcases.Personnel_Test')
data.setCell(1, 3, 256520);
data.setCell(2, 0, 2)
data.setCell(2, 1, 'verifypagination')
data.setCell(2, 2, 'qa.testcases.Mapping_Test')
data.setCell(2, 3, 81928);
data.setCell(3, 0, 3)
data.setCell(3, 1, 'csvDownloadTemplate')
data.setCell(3, 2, 'qa.testcases.Network_Test')
data.setCell(3, 3, 66557);
data.setCell(4, 0, 4)
data.setCell(4, 1, 'csvDownloadTemplate')
data.setCell(4, 2, 'qa.testcases.Mapping_Test')
data.setCell(4, 3, 66548);
data.setCell(5, 0, 5)
data.setCell(5, 1, 'csvDownloadTemplate')
data.setCell(5, 2, 'qa.testcases.Currency_Test')
data.setCell(5, 3, 66507);
data.setCell(6, 0, 6)
data.setCell(6, 1, 'verifyDropDownMenuNavigation')
data.setCell(6, 2, 'qa.testcases.Network_Test')
data.setCell(6, 3, 64976);
data.setCell(7, 0, 7)
data.setCell(7, 1, 'verifyDropDownMenuNavigation')
data.setCell(7, 2, 'qa.testcases.Currency_Test')
data.setCell(7, 3, 64683);
data.setCell(8, 0, 8)
data.setCell(8, 1, 'verifyDropDownMenuNavigation')
data.setCell(8, 2, 'qa.testcases.Mapping_Test')
data.setCell(8, 3, 64649);
data.setCell(9, 0, 9)
data.setCell(9, 1, 'verifypagination')
data.setCell(9, 2, 'qa.testcases.Location_Test')
data.setCell(9, 3, 23115);
data.setCell(10, 0, 10)
data.setCell(10, 1, 'verifypagination')
data.setCell(10, 2, 'qa.testcases.Currency_Test')
data.setCell(10, 3, 21173);
data.setCell(11, 0, 11)
data.setCell(11, 1, 'SidemenuNavigation')
data.setCell(11, 2, 'qa.testcases.Product_Test')
data.setCell(11, 3, 19642);
data.setCell(12, 0, 12)
data.setCell(12, 1, 'SidemenuNavigation')
data.setCell(12, 2, 'qa.testcases.Network_Test')
data.setCell(12, 3, 18649);
data.setCell(13, 0, 13)
data.setCell(13, 1, 'verifypagination')
data.setCell(13, 2, 'qa.testcases.Product_Test')
data.setCell(13, 3, 16355);
data.setCell(14, 0, 14)
data.setCell(14, 1, 'SidemenuNavigation')
data.setCell(14, 2, 'qa.testcases.Mapping_Test')
data.setCell(14, 3, 16262);
data.setCell(15, 0, 15)
data.setCell(15, 1, 'SidemenuNavigation')
data.setCell(15, 2, 'qa.testcases.Location_Test')
data.setCell(15, 3, 15459);
data.setCell(16, 0, 16)
data.setCell(16, 1, 'SidemenuNavigation')
data.setCell(16, 2, 'qa.testcases.Personnel_Test')
data.setCell(16, 3, 14930);
data.setCell(17, 0, 17)
data.setCell(17, 1, 'SidemenuNavigation')
data.setCell(17, 2, 'qa.testcases.Currency_Test')
data.setCell(17, 3, 14899);
data.setCell(18, 0, 18)
data.setCell(18, 1, 'csvUploadAndDownload')
data.setCell(18, 2, 'qa.testcases.Currency_Test')
data.setCell(18, 3, 11503);
data.setCell(19, 0, 19)
data.setCell(19, 1, 'csvUploadAndDownload')
data.setCell(19, 2, 'qa.testcases.Product_Test')
data.setCell(19, 3, 11134);
data.setCell(20, 0, 20)
data.setCell(20, 1, 'csvUploadAndDownload')
data.setCell(20, 2, 'qa.testcases.Location_Test')
data.setCell(20, 3, 9821);
data.setCell(21, 0, 21)
data.setCell(21, 1, 'verifySearchFeature')
data.setCell(21, 2, 'qa.testcases.Product_Test')
data.setCell(21, 3, 7786);
data.setCell(22, 0, 22)
data.setCell(22, 1, 'verifySearchFeature')
data.setCell(22, 2, 'qa.testcases.Personnel_Test')
data.setCell(22, 3, 7707);
data.setCell(23, 0, 23)
data.setCell(23, 1, 'verifySearchFeature')
data.setCell(23, 2, 'qa.testcases.Location_Test')
data.setCell(23, 3, 7653);
data.setCell(24, 0, 24)
data.setCell(24, 1, 'csvDownloadTemplate')
data.setCell(24, 2, 'qa.testcases.Product_Test')
data.setCell(24, 3, 6615);
data.setCell(25, 0, 25)
data.setCell(25, 1, 'csvDownloadTemplate')
data.setCell(25, 2, 'qa.testcases.Personnel_Test')
data.setCell(25, 3, 6571);
data.setCell(26, 0, 26)
data.setCell(26, 1, 'csvDownloadTemplate')
data.setCell(26, 2, 'qa.testcases.Location_Test')
data.setCell(26, 3, 6504);
data.setCell(27, 0, 27)
data.setCell(27, 1, 'verifyDropDownTable')
data.setCell(27, 2, 'qa.testcases.Location_Test')
data.setCell(27, 3, 6476);
data.setCell(28, 0, 28)
data.setCell(28, 1, 'verifyDropDownTable')
data.setCell(28, 2, 'qa.testcases.Product_Test')
data.setCell(28, 3, 6368);
data.setCell(29, 0, 29)
data.setCell(29, 1, 'verifyDropDownTable')
data.setCell(29, 2, 'qa.testcases.Personnel_Test')
data.setCell(29, 3, 6335);
data.setCell(30, 0, 30)
data.setCell(30, 1, 'verifySearchFeature')
data.setCell(30, 2, 'qa.testcases.Currency_Test')
data.setCell(30, 3, 5223);
data.setCell(31, 0, 31)
data.setCell(31, 1, 'verifySearchFeature')
data.setCell(31, 2, 'qa.testcases.Network_Test')
data.setCell(31, 3, 5030);
data.setCell(32, 0, 32)
data.setCell(32, 1, 'verifyDropDownMenuNavigation')
data.setCell(32, 2, 'qa.testcases.Location_Test')
data.setCell(32, 3, 4992);
data.setCell(33, 0, 33)
data.setCell(33, 1, 'verifyDropDownMenuNavigation')
data.setCell(33, 2, 'qa.testcases.Product_Test')
data.setCell(33, 3, 4872);
data.setCell(34, 0, 34)
data.setCell(34, 1, 'verifyDropDownMenuNavigation')
data.setCell(34, 2, 'qa.testcases.Personnel_Test')
data.setCell(34, 3, 4769);
data.setCell(35, 0, 35)
data.setCell(35, 1, 'verifySearchFeature')
data.setCell(35, 2, 'qa.testcases.Mapping_Test')
data.setCell(35, 3, 4647);
data.setCell(36, 0, 36)
data.setCell(36, 1, 'verifyDropDownTable')
data.setCell(36, 2, 'qa.testcases.Mapping_Test')
data.setCell(36, 3, 4589);
data.setCell(37, 0, 37)
data.setCell(37, 1, 'verifyDropDownTable')
data.setCell(37, 2, 'qa.testcases.Network_Test')
data.setCell(37, 3, 4527);
data.setCell(38, 0, 38)
data.setCell(38, 1, 'verifyDropDownTable')
data.setCell(38, 2, 'qa.testcases.Currency_Test')
data.setCell(38, 3, 4416);
data.setCell(39, 0, 39)
data.setCell(39, 1, 'csvUploadAndDownload')
data.setCell(39, 2, 'qa.testcases.Personnel_Test')
data.setCell(39, 3, 1468);
data.setCell(40, 0, 40)
data.setCell(40, 1, 'csvUploadAndDownload')
data.setCell(40, 2, 'qa.testcases.Network_Test')
data.setCell(40, 3, 1388);
data.setCell(41, 0, 41)
data.setCell(41, 1, 'csvUploadAndDownload')
data.setCell(41, 2, 'qa.testcases.Mapping_Test')
data.setCell(41, 3, 1322);
data.setCell(42, 0, 42)
data.setCell(42, 1, 'loginTest7')
data.setCell(42, 2, 'qa.testcases.Network_Test')
data.setCell(42, 3, 1136);
data.setCell(43, 0, 43)
data.setCell(43, 1, 'loginTest7')
data.setCell(43, 2, 'qa.testcases.Product_Test')
data.setCell(43, 3, 728);
data.setCell(44, 0, 44)
data.setCell(44, 1, 'verifyProductEntityPage')
data.setCell(44, 2, 'qa.testcases.Personnel_Test')
data.setCell(44, 3, 715);
data.setCell(45, 0, 45)
data.setCell(45, 1, 'loginTest7')
data.setCell(45, 2, 'qa.testcases.Personnel_Test')
data.setCell(45, 3, 668);
data.setCell(46, 0, 46)
data.setCell(46, 1, 'loginTest7')
data.setCell(46, 2, 'qa.testcases.Location_Test')
data.setCell(46, 3, 655);
data.setCell(47, 0, 47)
data.setCell(47, 1, 'verifyProductEntityPage')
data.setCell(47, 2, 'qa.testcases.Mapping_Test')
data.setCell(47, 3, 654);
data.setCell(48, 0, 48)
data.setCell(48, 1, 'loginTest7')
data.setCell(48, 2, 'qa.testcases.Currency_Test')
data.setCell(48, 3, 651);
data.setCell(49, 0, 49)
data.setCell(49, 1, 'loginTest7')
data.setCell(49, 2, 'qa.testcases.Mapping_Test')
data.setCell(49, 3, 643);
data.setCell(50, 0, 50)
data.setCell(50, 1, 'verifyProductEntityPage')
data.setCell(50, 2, 'qa.testcases.Product_Test')
data.setCell(50, 3, 609);
data.setCell(51, 0, 51)
data.setCell(51, 1, 'verifyProductEntityPage')
data.setCell(51, 2, 'qa.testcases.Location_Test')
data.setCell(51, 3, 601);
data.setCell(52, 0, 52)
data.setCell(52, 1, 'verifyProductEntityPage')
data.setCell(52, 2, 'qa.testcases.Network_Test')
data.setCell(52, 3, 561);
data.setCell(53, 0, 53)
data.setCell(53, 1, 'verifyProductEntityPage')
data.setCell(53, 2, 'qa.testcases.Currency_Test')
data.setCell(53, 3, 539);
window.suiteTableData['EDM_Web_Automation']= { tableData: data, tableDiv: 'times-div-EDM_Web_Automation'}
return data;
}
              </script>
              <span class="suite-total-time">Total running time: 21 minutes</span>
              <div id="times-div-EDM_Web_Automation">
              </div> <!-- times-div-EDM_Web_Automation -->
            </div> <!-- times-div -->
          </div> <!-- main-panel-content rounded-window-bottom -->
        </div> <!-- panel -->
        <div panel-name="reporter-EDM_Web_Automation" class="panel">
          <div class="main-panel-header rounded-window-top">
            <span class="header-content">Reporter output for EDM Web Automation</span>
          </div> <!-- main-panel-header rounded-window-top -->
          <div class="main-panel-content rounded-window-bottom">
          </div> <!-- main-panel-content rounded-window-bottom -->
        </div> <!-- panel -->
        <div panel-name="ignored-methods-EDM_Web_Automation" class="panel">
          <div class="main-panel-header rounded-window-top">
            <span class="header-content">0 ignored methods</span>
          </div> <!-- main-panel-header rounded-window-top -->
          <div class="main-panel-content rounded-window-bottom">
          </div> <!-- main-panel-content rounded-window-bottom -->
        </div> <!-- panel -->
        <div panel-name="chronological-EDM_Web_Automation" class="panel">
          <div class="main-panel-header rounded-window-top">
            <span class="header-content">Methods in chronological order</span>
          </div> <!-- main-panel-header rounded-window-top -->
          <div class="main-panel-content rounded-window-bottom">
            <div class="chronological-class">
              <div class="chronological-class-name">qa.testcases.Product_Test</div> <!-- chronological-class-name -->
              <div class="configuration-test before">
                <span class="method-name">setUp</span>
                <span class="method-start">0 ms</span>
              </div> <!-- configuration-test before -->
              <div class="test-method">
                <span class="method-name">loginTest7(demandplannertest@mailinator.com, 3scSolutions@123)</span>
                <span class="method-start">6977 ms</span>
              </div> <!-- test-method -->
              <div class="test-method">
                <span class="method-name">SidemenuNavigation</span>
                <span class="method-start">7712 ms</span>
              </div> <!-- test-method -->
              <div class="test-method">
                <span class="method-name">verifyProductEntityPage</span>
                <span class="method-start">27358 ms</span>
              </div> <!-- test-method -->
              <div class="test-method">
                <span class="method-name">csvUploadAndDownload</span>
                <span class="method-start">27969 ms</span>
              </div> <!-- test-method -->
              <div class="test-method">
                <span class="method-name">csvDownloadTemplate</span>
                <span class="method-start">39110 ms</span>
              </div> <!-- test-method -->
              <div class="test-method">
                <span class="method-name">verifySearchFeature</span>
                <span class="method-start">45729 ms</span>
              </div> <!-- test-method -->
              <div class="test-method">
                <span class="method-name">verifyDropDownTable</span>
                <span class="method-start">53525 ms</span>
              </div> <!-- test-method -->
              <div class="test-method">
                <span class="method-name">verifyDropDownMenuNavigation</span>
                <span class="method-start">59897 ms</span>
              </div> <!-- test-method -->
              <div class="test-method">
                <span class="method-name">verifypagination</span>
                <span class="method-start">64771 ms</span>
              </div> <!-- test-method -->
              <div class="configuration-test after">
                <span class="method-name">tearDown</span>
                <span class="method-start">81137 ms</span>
              </div> <!-- configuration-test after -->
            </div> <!-- chronological-class -->
            <div class="chronological-class">
              <div class="chronological-class-name">qa.testcases.Personnel_Test</div> <!-- chronological-class-name -->
              <div class="configuration-test before">
                <span class="method-name">setUp</span>
                <span class="method-start">82298 ms</span>
              </div> <!-- configuration-test before -->
              <div class="test-method">
                <span class="method-name">loginTest7(demandplannertest@mailinator.com, 3scSolutions@123)</span>
                <span class="method-start">88077 ms</span>
              </div> <!-- test-method -->
              <div class="test-method">
                <span class="method-name">SidemenuNavigation</span>
                <span class="method-start">88747 ms</span>
              </div> <!-- test-method -->
              <div class="test-method">
                <span class="method-name">verifyProductEntityPage</span>
                <span class="method-start">103680 ms</span>
              </div> <!-- test-method -->
              <div class="test-method">
                <img src="failed.png">
                </img>
                <span class="method-name">csvUploadAndDownload</span>
                <span class="method-start">104397 ms</span>
              </div> <!-- test-method -->
              <div class="test-method">
                <span class="method-name">csvDownloadTemplate</span>
                <span class="method-start">105870 ms</span>
              </div> <!-- test-method -->
              <div class="test-method">
                <span class="method-name">verifySearchFeature</span>
                <span class="method-start">112445 ms</span>
              </div> <!-- test-method -->
              <div class="test-method">
                <span class="method-name">verifyDropDownTable</span>
                <span class="method-start">120160 ms</span>
              </div> <!-- test-method -->
              <div class="test-method">
                <span class="method-name">verifyDropDownMenuNavigation</span>
                <span class="method-start">126497 ms</span>
              </div> <!-- test-method -->
              <div class="test-method">
                <span class="method-name">verifypagination</span>
                <span class="method-start">131269 ms</span>
              </div> <!-- test-method -->
              <div class="configuration-test after">
                <span class="method-name">tearDown</span>
                <span class="method-start">387801 ms</span>
              </div> <!-- configuration-test after -->
            </div> <!-- chronological-class -->
            <div class="chronological-class">
              <div class="chronological-class-name">qa.testcases.Location_Test</div> <!-- chronological-class-name -->
              <div class="configuration-test before">
                <span class="method-name">setUp</span>
                <span class="method-start">388644 ms</span>
              </div> <!-- configuration-test before -->
              <div class="test-method">
                <span class="method-name">loginTest7(demandplannertest@mailinator.com, 3scSolutions@123)</span>
                <span class="method-start">393186 ms</span>
              </div> <!-- test-method -->
              <div class="test-method">
                <span class="method-name">SidemenuNavigation</span>
                <span class="method-start">393843 ms</span>
              </div> <!-- test-method -->
              <div class="test-method">
                <span class="method-name">verifyProductEntityPage</span>
                <span class="method-start">409304 ms</span>
              </div> <!-- test-method -->
              <div class="test-method">
                <span class="method-name">csvUploadAndDownload</span>
                <span class="method-start">409907 ms</span>
              </div> <!-- test-method -->
              <div class="test-method">
                <span class="method-name">csvDownloadTemplate</span>
                <span class="method-start">419758 ms</span>
              </div> <!-- test-method -->
              <div class="test-method">
                <span class="method-name">verifySearchFeature</span>
                <span class="method-start">426264 ms</span>
              </div> <!-- test-method -->
              <div class="test-method">
                <span class="method-name">verifyDropDownTable</span>
                <span class="method-start">433919 ms</span>
              </div> <!-- test-method -->
              <div class="test-method">
                <span class="method-name">verifyDropDownMenuNavigation</span>
                <span class="method-start">440405 ms</span>
              </div> <!-- test-method -->
              <div class="test-method">
                <span class="method-name">verifypagination</span>
                <span class="method-start">445403 ms</span>
              </div> <!-- test-method -->
              <div class="configuration-test after">
                <span class="method-name">tearDown</span>
                <span class="method-start">468526 ms</span>
              </div> <!-- configuration-test after -->
            </div> <!-- chronological-class -->
            <div class="chronological-class">
              <div class="chronological-class-name">qa.testcases.Mapping_Test</div> <!-- chronological-class-name -->
              <div class="configuration-test before">
                <span class="method-name">setUp</span>
                <span class="method-start">470341 ms</span>
              </div> <!-- configuration-test before -->
              <div class="test-method">
                <span class="method-name">loginTest7(demandplannertest@mailinator.com, 3scSolutions@123)</span>
                <span class="method-start">476811 ms</span>
              </div> <!-- test-method -->
              <div class="test-method">
                <span class="method-name">SidemenuNavigation</span>
                <span class="method-start">477456 ms</span>
              </div> <!-- test-method -->
              <div class="test-method">
                <span class="method-name">verifyProductEntityPage</span>
                <span class="method-start">493720 ms</span>
              </div> <!-- test-method -->
              <div class="test-method">
                <img src="failed.png">
                </img>
                <span class="method-name">csvUploadAndDownload</span>
                <span class="method-start">494376 ms</span>
              </div> <!-- test-method -->
              <div class="test-method">
                <img src="failed.png">
                </img>
                <span class="method-name">csvDownloadTemplate</span>
                <span class="method-start">495702 ms</span>
              </div> <!-- test-method -->
              <div class="test-method">
                <img src="failed.png">
                </img>
                <span class="method-name">verifySearchFeature</span>
                <span class="method-start">562254 ms</span>
              </div> <!-- test-method -->
              <div class="test-method">
                <img src="failed.png">
                </img>
                <span class="method-name">verifyDropDownTable</span>
                <span class="method-start">566906 ms</span>
              </div> <!-- test-method -->
              <div class="test-method">
                <img src="failed.png">
                </img>
                <span class="method-name">verifyDropDownMenuNavigation</span>
                <span class="method-start">571497 ms</span>
              </div> <!-- test-method -->
              <div class="test-method">
                <img src="failed.png">
                </img>
                <span class="method-name">verifypagination</span>
                <span class="method-start">636155 ms</span>
              </div> <!-- test-method -->
              <div class="configuration-test after">
                <span class="method-name">tearDown</span>
                <span class="method-start">718099 ms</span>
              </div> <!-- configuration-test after -->
            </div> <!-- chronological-class -->
            <div class="chronological-class">
              <div class="chronological-class-name">qa.testcases.Network_Test</div> <!-- chronological-class-name -->
              <div class="configuration-test before">
                <span class="method-name">setUp</span>
                <span class="method-start">954838 ms</span>
              </div> <!-- configuration-test before -->
              <div class="test-method">
                <span class="method-name">loginTest7(demandplannertest@mailinator.com, 3scSolutions@123)</span>
                <span class="method-start">963415 ms</span>
              </div> <!-- test-method -->
              <div class="test-method">
                <span class="method-name">SidemenuNavigation</span>
                <span class="method-start">964554 ms</span>
              </div> <!-- test-method -->
              <div class="test-method">
                <span class="method-name">verifyProductEntityPage</span>
                <span class="method-start">983205 ms</span>
              </div> <!-- test-method -->
              <div class="test-method">
                <img src="failed.png">
                </img>
                <span class="method-name">csvUploadAndDownload</span>
                <span class="method-start">983768 ms</span>
              </div> <!-- test-method -->
              <div class="test-method">
                <img src="failed.png">
                </img>
                <span class="method-name">csvDownloadTemplate</span>
                <span class="method-start">985157 ms</span>
              </div> <!-- test-method -->
              <div class="test-method">
                <img src="failed.png">
                </img>
                <span class="method-name">verifySearchFeature</span>
                <span class="method-start">1051716 ms</span>
              </div> <!-- test-method -->
              <div class="test-method">
                <img src="failed.png">
                </img>
                <span class="method-name">verifyDropDownTable</span>
                <span class="method-start">1056748 ms</span>
              </div> <!-- test-method -->
              <div class="test-method">
                <img src="failed.png">
                </img>
                <span class="method-name">verifyDropDownMenuNavigation</span>
                <span class="method-start">1061289 ms</span>
              </div> <!-- test-method -->
              <div class="test-method">
                <span class="method-name">verifypagination</span>
                <span class="method-start">1126267 ms</span>
              </div> <!-- test-method -->
              <div class="configuration-test after">
                <span class="method-name">tearDown</span>
                <span class="method-start">1383078 ms</span>
              </div> <!-- configuration-test after -->
            </div> <!-- chronological-class -->
            <div class="chronological-class">
              <div class="chronological-class-name">qa.testcases.Currency_Test</div> <!-- chronological-class-name -->
              <div class="configuration-test before">
                <span class="method-name">setUp</span>
                <span class="method-start">1384721 ms</span>
              </div> <!-- configuration-test before -->
              <div class="test-method">
                <span class="method-name">loginTest7(demandplannertest@mailinator.com, 3scSolutions@123)</span>
                <span class="method-start">1390598 ms</span>
              </div> <!-- test-method -->
              <div class="test-method">
                <span class="method-name">SidemenuNavigation</span>
                <span class="method-start">1391251 ms</span>
              </div> <!-- test-method -->
              <div class="test-method">
                <span class="method-name">verifyProductEntityPage</span>
                <span class="method-start">1406154 ms</span>
              </div> <!-- test-method -->
              <div class="test-method">
                <span class="method-name">csvUploadAndDownload</span>
                <span class="method-start">1406695 ms</span>
              </div> <!-- test-method -->
              <div class="test-method">
                <img src="failed.png">
                </img>
                <span class="method-name">csvDownloadTemplate</span>
                <span class="method-start">1418206 ms</span>
              </div> <!-- test-method -->
              <div class="test-method">
                <img src="failed.png">
                </img>
                <span class="method-name">verifySearchFeature</span>
                <span class="method-start">1484716 ms</span>
              </div> <!-- test-method -->
              <div class="test-method">
                <img src="failed.png">
                </img>
                <span class="method-name">verifyDropDownTable</span>
                <span class="method-start">1489943 ms</span>
              </div> <!-- test-method -->
              <div class="test-method">
                <img src="failed.png">
                </img>
                <span class="method-name">verifyDropDownMenuNavigation</span>
                <span class="method-start">1494361 ms</span>
              </div> <!-- test-method -->
              <div class="test-method">
                <span class="method-name">verifypagination</span>
                <span class="method-start">1559054 ms</span>
              </div> <!-- test-method -->
              <div class="configuration-test after">
                <span class="method-name">tearDown</span>
                <span class="method-start">1580228 ms</span>
              </div> <!-- configuration-test after -->
          </div> <!-- main-panel-content rounded-window-bottom -->
        </div> <!-- panel -->
      </div> <!-- main-panel-root -->
    </div> <!-- wrapper -->
  </body>
<script type="text/javascript" src="testng-reports2.js"></script>
</html>
